********************************************************************************
Field Output Report, written Mon Aug 24 11:52:06 2020

Source 1
---------

   ODB: C:/Temp/Job-final6.odb
   Step: Step-1
   Frame: Increment   6000: Step Time =    6000.

Loc 1 : Nodal values from source 1

Output sorted by column "Node Label".

Field Output reported at nodes for part: PART-1-1

            Node            NT11
           Label          @Loc 1
---------------------------------
               1            330.
               2            330.
               3            330.
               4            330.
               5            330.
               6         331.481
               7         306.173
               8         303.188
               9         325.140
              10         340.445
              11         339.927
              12         338.766
              13         340.287
              14         338.163
              15         353.600
              16         353.600
              17         304.886
              18            303.
              19         315.331
              20            343.
              21            343.
              22            343.
              23            343.
              24         353.600
              25         353.600
              26         353.600
              27            303.
              28         303.016
              29         307.072
              30         306.596
              31            330.
              32            330.
              33            330.
              34            330.
              35            330.
              36            330.
              37            330.
              38            330.
              39            330.
              40            330.
              41            330.
              42            330.
              43            330.
              44            330.
              45            330.
              46            330.
              47            330.
              48            330.
              49            330.
              50            330.
              51            330.
              52            330.
              53            330.
              54            330.
              55            330.
              56            330.
              57            330.
              58            330.
              59            330.
              60            330.
              61            330.
              62            330.
              63            330.
              64            330.
              65            330.
              66            330.
              67            330.
              68            330.
              69            330.
              70            330.
              71            330.
              72            330.
              73            330.
              74            330.
              75            330.
              76            330.
              77            330.
              78            330.
              79            330.
              80            330.
              81            330.
              82            330.
              83            330.
              84            330.
              85            330.
              86            330.
              87            330.
              88            330.
              89            330.
              90         319.726
              91         305.322
              92         304.896
              93         303.758
              94         303.258
              95         303.252
              96         303.222
              97         303.211
              98         303.231
              99         303.825
             100         309.926
             101         327.812
             102         328.587
             103         330.641
             104         332.212
             105         331.613
             106         340.047
             107         339.879
             108         339.683
             109         339.408
             110         339.117
             111         338.884
             112         338.663
             113         338.694
             114         339.040
             115         339.367
             116         339.712
             117         341.110
             118         341.933
             119         342.903
             120         343.993
             121         345.192
             122         346.535
             123         348.058
             124         349.766
             125         351.629
             126         351.606
             127         349.657
             128         347.899
             129         346.410
             130         345.111
             131         343.903
             132         342.816
             133         341.832
             134         340.964
             135         314.431
             136         306.863
             137         302.897
             138         302.969
             139         303.081
             140         302.889
             141         303.017
             142         302.993
             143         302.998
             144         303.000
             145         303.000
             146            303.
             147            303.
             148            303.
             149            303.
             150            303.
             151            303.
             152         303.000
             153         303.000
             154         303.000
             155         303.000
             156         303.000
             157         303.001
             158         303.029
             159         303.229
             160         303.822
             161         305.045
             162         308.062
             163         306.393
             164         303.873
             165         303.216
             166         303.047
             167         303.054
             168         303.077
             169         303.098
             170         303.127
             171         303.195
             172         303.243
             173         303.270
             174         304.153
             175            343.
             176            343.
             177            343.
             178            343.
             179            343.
             180            343.
             181            343.
             182            343.
             183            343.
             184            343.
             185            343.
             186            343.
             187            343.
             188            343.
             189         353.600
             190         353.600
             191         353.600
             192         353.600
             193         353.600
             194         353.600
             195         353.600
             196            303.
             197            303.
             198            303.
             199            303.
             200            303.
             201            303.
             202            303.
             203            303.
             204            303.
             205            303.
             206            303.
             207            303.
             208            303.
             209            303.
             210         303.000
             211         303.001
             212         303.007
             213         303.039
             214         303.173
             215         303.627
             216         304.752
             217         307.155
             218         311.060
             219         316.870
             220         324.855
             221         332.711
             222         337.875
             223         338.519
             224         335.698
             225         331.229
             226         324.911
             227         317.459
             228         311.621
             229         307.374
             230         304.887
             231         303.698
             232         303.265
             233         303.161
             234         303.150
             235         303.148
             236         303.141
             237         303.130
             238         303.113
             239         303.084
             240         303.050
             241         303.025
             242         303.037
             243         303.122
             244         303.338
             245         303.885
             246         304.983
             247         307.083
             248         312.227
             249         323.560
             250         321.466
             251         309.478
             252         305.248
             253         304.048
             254         304.004
             255         304.640
             256         305.707
             257         306.704
             258         308.989
             259         315.276
             260         323.967
             261         329.443
             262         329.936
             263         329.980
             264         329.982
             265         329.980
             266         329.977
             267         329.975
             268         329.972
             269         329.967
             270         329.971
             271         329.982
             272         329.988
             273         329.989
             274         329.988
             275         329.989
             276         329.988
             277         329.986
             278         329.987
             279         329.988
             280         329.985
             281         329.981
             282         329.975
             283         329.972
             284         329.974
             285         329.975
             286         329.977
             287         329.978
             288         329.980
             289         329.978
             290         329.933
             291         329.433
             292         323.988
             293         315.276
             294         308.752
             295         306.124
             296         302.434
             297         302.900
             298         303.237
             299         302.988
             300         303.159
             301         303.169
             302         302.829
             303         303.191
             304         303.227
             305         301.426
             306         303.141
             307         303.198
             308         300.609
             309         303.089
             310         303.215
             311         339.955
             312         339.713
             313         339.393
             314         339.091
             315         338.808
             316         303.207
             317         303.020
             318         303.094
             319         303.655
             320         301.540
             321         300.449
             322         303.547
             323         309.098
             324         317.081
             325         309.954
             326         304.221
             327         300.882
             328         301.598
             329         303.037
             330         303.097
             331         302.814
             332         302.952
             333         302.013
             334         301.320
             335         300.852
             336         301.079
             337         304.859
             338         313.872
             339         305.552
             340         301.679
             341         301.334
             342         301.763
             343         303.163
             344         303.188
             345         302.973
             346         303.081
             347         302.507
             348         302.007
             349         301.428
             350         300.797
             351         302.540
             352         310.495
             353         302.927
             354         301.343
             355         301.823
             356         302.318
             357         302.759
             358         303.161
             359         302.978
             360         302.960
             361         303.286
             362         303.119
             363         302.890
             364         302.612
             365         303.010
             366         302.556
             367         302.861
             368         302.955
             369         303.193
             370         303.339
             371         303.393
             372         303.106
             373         302.980
             374         303.007
             375         303.003
             376         303.027
             377         303.032
             378         303.030
             379         303.006
             380         302.979
             381         302.990
             382         303.035
             383         303.033
             384         303.011
             385         302.971
             386         303.083
             387         302.987
             388         302.999
             389         303.019
             390         303.021
             391         303.017
             392         303.009
             393         303.002
             394         302.994
             395         303.002
             396         303.008
             397         303.016
             398         303.020
             399         303.018
             400         303.060
             401         302.991
             402         303.000
             403         303.008
             404         303.012
             405         303.008
             406         303.003
             407         302.999
             408         303.001
             409         303.000
             410         303.003
             411         303.008
             412         303.012
             413         303.009
             414         303.023
             415         302.997
             416         303.000
             417         302.999
             418         303.005
             419         303.004
             420         303.001
             421         302.999
             422         303.001
             423         303.000
             424         303.001
             425         303.004
             426         303.005
             427         302.998
             428         302.992
             429         303.001
             430         303.000
             431         303.000
             432         302.999
             433         303.001
             434         303.000
             435         302.999
             436         303.001
             437         303.000
             438         303.000
             439         303.001
             440         302.999
             441         303.000
             442         302.975
             443         303.001
             444         302.999
             445         303.000
             446         303.000
             447         303.000
             448            303.
             449         303.000
             450         303.000
             451         303.000
             452         303.000
             453         303.000
             454         303.000
             455         303.000
             456         302.981
             457         303.013
             458         303.005
             459         303.001
             460         303.000
             461            303.
             462         303.000
             463         303.000
             464         303.000
             465            303.
             466            303.
             467         303.000
             468            303.
             469            303.
             470         302.122
             471         302.895
             472         302.939
             473         302.986
             474         302.997
             475         303.000
             476         303.000
             477         303.000
             478         303.000
             479         303.000
             480            303.
             481            303.
             482            303.
             483            303.
             484            343.
             485            343.
             486            343.
             487            343.
             488            343.
             489            343.
             490         353.600
             491         353.600
             492         353.600
             493         353.600
             494         321.075
             495         303.190
             496         303.275
             497         338.550
             498         339.576
             499         340.386
             500         336.281
             501         303.217
             502         303.597
             503         337.306
             504         304.647
             505         335.804
             506         303.175
             507         334.636
             508         328.684
             509         323.262
             510         304.501
             511         305.645
             512         310.974
             513         306.663
             514         305.027
             515         304.095
             516         304.028
             517         318.415
             518         309.462
             519         328.452
             520         309.850
             521         303.542
             522         342.924
             523         342.910
             524         335.709
             525         333.759
             526         333.836
             527         342.719
             528         342.831
             529         342.972
             530         340.258
             531         334.038
             532         340.326
             533         332.431
             534         341.880
             535         330.165
             536         327.434
             537         329.167
             538         328.177
             539         332.361
             540         322.173
             541         317.958
             542         315.846
             543         333.084
             544         305.148
             545         303.557
             546         303.099
             547         303.140
             548         303.291
             549         303.442
             550         304.927
             551         303.097
             552         309.164
             553            303.
             554            303.
             555            303.
             556            303.
             557         314.379
             558         336.491
             559         340.065
             560         340.755
             561         337.694
             562         330.557
             563         323.595
             564         314.560
             565         308.689
             566         305.408
             567         303.840
             568         303.230
             569         303.049
             570         303.005
             571         303.000
             572         303.000
             573            303.
             574            303.
             575            303.
             576            303.
             577            303.
             578         312.994
             579         303.304
             580         303.336
             581         303.123
             582         303.331
             583         303.363
             584         303.725
             585         304.883
             586         307.549
             587         312.490
             588         320.458
             589         327.345
             590         332.215
             591         303.335
             592         303.342
             593         303.321
             594         321.271
             595         319.516
             596         305.664
             597         304.157
             598         303.517
             599         304.804
             600         306.651
             601         312.821
             602         319.003
             603         320.087
             604         318.981
             605         312.911
             606         306.073
             607         305.242
             608         306.927
             609         307.786
             610         307.767
             611         308.971
             612         307.426
             613         305.987
             614         320.794
             615         303.000
             616         303.000
             617         303.002
             618         303.025
             619         303.384
             620         304.637
             621         311.711
             622         303.001
             623         303.000
             624         307.292
             625         334.946
             626         339.128
             627         342.914
             628         325.610
             629         329.734
             630         334.019
             631         340.390
             632         332.420
             633         324.433
             634         305.009
             635         303.228
             636         303.582
             637         303.318
             638         305.210
             639         303.205
             640         309.462
             641         335.140
             642         327.649
             643         323.100
             644         304.202
             645         304.577
             646         304.028
             647         304.049
             648         334.456
             649         303.156
             650         311.185
             651         305.773
             652         320.309
             653         342.518
             654         327.115
             655         331.768
             656         342.814
             657         341.510
             658         340.801
             659         327.350
             660         342.375
             661         327.652
             662         336.424
             663         340.403
             664         312.467
             665         314.894
             666         319.577
             667         318.622
             668         317.959
             669         317.429
             670         312.966
             671         319.520
             672         303.076
             673         303.225
             674         303.416
             675         303.064
             676         303.979
             677         303.098
             678         306.577
             679         313.525
             680         315.059
             681         323.299
             682            303.
             683            303.
             684            303.
             685            303.
             686            303.
             687         303.223
             688         303.054
             689         308.344
             690            303.
             691            303.
             692         304.378
             693         312.399
             694         308.623
             695         304.022
             696         336.932
             697         303.000
             698         329.305
             699         304.096
             700         303.041
             701         303.373
             702         303.001
             703         306.979
             704         304.307
             705         304.104
             706         304.248
             707         304.134
             708         304.124
             709         305.285
             710         314.884
             711         303.868
             712            303.
             713            303.
             714         307.912
             715         304.225
             716         310.871
             717         305.580
             718         324.509
             719         333.477
             720         307.349
             721         304.397
             722         305.239
             723         306.150
             724         312.138
             725         305.321
             726         304.005
             727         305.374
             728         305.838
             729         304.466
             730         304.047
             731         306.576
             732         304.264
             733         310.663
             734         310.840
             735         304.838
             736         304.590
             737         303.000
             738         303.000
             739            303.
             740         303.006
             741         303.414
             742         303.000
             743         303.027
             744            303.
             745         303.001
             746         309.799
             747         303.001
             748         305.531
             749         318.591
             750         314.303
             751         309.388
             752         317.022
             753         314.249
             754         305.160
             755         338.083
             756         341.644
             757         318.657
             758         319.564
             759         318.253
             760         303.963
             761            303.
             762         307.964
             763            303.
             764         303.191
             765         323.938
             766         304.548
             767         303.297
             768         304.045
             769         303.375
             770         303.648
             771         311.374
             772         304.055
             773         304.030
             774         304.234
             775         325.153
             776         304.066
             777         308.564
             778         309.658
             779         303.774
             780         303.161
             781         324.331
             782         303.070
             783         312.429
             784         311.225
             785         309.280
             786         309.974
             787         309.977
             788         312.293
             789         306.122
             790         304.429
             791         303.127
             792         303.074
             793            303.
             794         321.211
             795         303.281
             796            303.
             797         321.319
             798            303.
             799         317.081
             800         304.489
             801         304.788
             802         304.604
             803         304.569
             804            303.
             805         303.000
             806            303.
             807         304.878
             808         303.000
             809         309.767
             810         303.002
             811         303.017
             812         303.445
             813         304.841
             814         305.185
             815         305.871
             816         320.966
             817         304.699
             818         309.113
             819         303.898
             820         306.079
             821         307.047
             822            303.
             823         312.487
             824         304.904
             825         333.573
             826         303.788
             827         303.844
             828         303.850
             829         305.746
             830         303.638
             831         303.986
             832         303.843
             833         307.106
             834         303.660
             835         304.364
             836         304.169
             837         306.160
             838            303.
             839         304.553
             840         303.003
             841         303.001
             842         303.011
             843         306.204
             844         311.938
             845         303.000
             846         303.408
             847         303.038
             848            303.
             849         323.891
             850         308.693
             851         311.407
             852            303.
             853         304.049
             854         323.893
             855         305.348
             856         338.281
             857         328.350
             858         303.974
             859         304.432
             860         310.219
             861         303.558
             862         303.747
             863         308.470
             864         323.310
             865         304.012
             866         303.275
             867            303.
             868         322.386
             869         307.260
             870         303.302
             871         309.392
             872         303.185
             873            303.
             874         303.144
             875         303.069
             876         325.442
             877         307.407
             878         306.643
             879         306.674
             880         324.589
             881         309.871
             882         303.099
             883         306.629
             884         303.076
             885         317.403
             886            303.
             887            303.
             888         305.552
             889         305.740
             890         311.082
             891         306.240
             892         303.379
             893         303.387
             894         303.017
             895         303.000
             896         304.813
             897         303.389
             898         303.000
             899            303.
             900         304.660
             901         303.001
             902         304.859
             903         305.175
             904            303.
             905         305.188
             906         309.559
             907         305.162
             908         307.123
             909         320.954
             910         308.214
             911         304.014
             912         303.000
             913         304.265
             914         304.549
             915         303.426
             916         303.391
             917         303.509
             918         303.456
             919         303.037
             920         303.014
             921         303.004
             922         312.849
             923         303.253
             924         303.001
             925         305.912
             926         329.566
             927         322.911
             928         308.671
             929         340.436
             930         303.961
             931         304.101
             932         331.565
             933         311.246
             934         304.077
             935         305.627
             936         303.199
             937         306.705
             938         303.489
             939         307.890
             940         305.509
             941         303.123
             942            303.
             943         323.418
             944         323.082
             945         303.233
             946         303.087
             947         303.090
             948         305.696
             949         305.925
             950         303.117
             951         316.913
             952         306.251
             953         306.694
             954         306.730
             955            303.
             956         303.217
             957         306.559
             958         309.516
             959         303.039
             960         317.712
             961         305.777
             962         303.000
             963         303.007
             964         303.001
             965         303.000
             966            303.
             967            303.
             968         327.429
             969         314.374
             970         303.505
             971         311.461
             972         303.000
             973            303.
             974         303.265
             975         303.265
             976         303.499
             977         303.529
             978         303.312
             979         303.298
             980         303.017
             981         303.037
             982         303.257
             983         303.003
             984         325.897
             985         303.001
             986         313.007
             987         303.160
             988         335.087
             989         319.723
             990         318.735
             991         303.135
             992         311.923
             993         331.191
             994         310.667
             995         322.180
             996         306.212
             997         305.166
             998         308.447
             999            303.
            1000         303.160
            1001         303.127
            1002         303.130
            1003         308.773
            1004            303.
            1005         306.189
            1006         303.286
            1007         303.193
            1008         303.521
            1009         303.000
            1010         303.177
            1011         303.194
            1012         303.203
            1013         303.194
            1014         303.178
            1015         304.224
            1016         303.147
            1017         308.380
            1018         308.358
            1019         310.829
            1020         303.277
            1021         303.173
            1022         305.765
            1023         303.130
            1024         303.150
            1025         303.355
            1026         303.203
            1027         303.379
            1028         313.879
            1029         303.175
            1030         303.154
            1031         303.168
            1032         315.401
            1033         306.434
            1034         303.000
            1035         307.289
            1036         303.154
            1037         304.905
            1038         303.134
            1039         303.373
            1040         303.135
            1041         305.071
            1042         303.329
            1043         305.208
            1044         303.729
            1045         303.153
            1046         303.427
            1047         303.195
            1048         309.298
            1049         304.896
            1050         304.156
            1051         318.752
            1052         308.244
            1053         303.176
            1054         342.101
            1055         336.184
            1056         340.230
            1057         342.731
            1058         330.768
            1059         314.024
            1060         314.271
            1061         317.749
            1062         335.782
            1063         321.490
            1064         305.468
            1065         324.931
            1066         328.150
            1067         325.563
            1068         339.846
            1069         304.197
            1070         303.373
            1071         324.483
            1072         304.175
            1073         312.838
            1074         306.844
            1075         323.440
            1076         306.638
            1077         307.243
            1078         305.450
            1079         303.468
            1080         303.127
            1081         303.412
            1082         303.768
            1083         303.218
            1084         305.589
            1085         303.886
            1086         305.317
            1087         303.141


  Minimum                300.449
         At Node             321

  Maximum                353.600
         At Node             493

           Total     340.600E+03


