********************************************************************************
Field Output Report, written Sun Mar 01 00:19:45 2020

Source 1
---------

   ODB: C:/Temp/Job-dispersao.odb
   Step: Step-1
   Frame: Increment   1763: Step Time =    1763.

Loc 1 : Nodal values from source 1

Output sorted by column "Node Label".

Field Output reported at nodes for part: PART-1-1

            Node            NT11
           Label          @Loc 1
---------------------------------
               1         353.587
               2         353.586
               3         353.584
               4         353.586
               5         353.584
               6         353.600
               7         353.600
               8         303.559
               9         303.005
              10         303.187
              11         319.006
              12            343.
              13            343.
              14            343.
              15            343.
              16         353.600
              17         353.600
              18         353.600
              19         313.395
              20         303.004
              21         303.392
              22         318.009
              23         353.586
              24         353.586
              25         353.586
              26         353.585
              27         353.585
              28         353.585
              29         353.584
              30         353.584
              31         353.585
              32         353.585
              33         353.586
              34         353.587
              35         353.588
              36         353.589
              37         353.591
              38         353.592
              39         353.593
              40         353.595
              41         353.597
              42         353.598
              43         353.597
              44         353.597
              45         353.595
              46         353.593
              47         353.592
              48         353.590
              49         353.589
              50         353.588
              51         353.587
              52         303.441
              53         303.341
              54         303.258
              55         303.192
              56         303.141
              57         303.101
              58         303.072
              59         303.050
              60         303.034
              61         303.023
              62         303.015
              63         303.010
              64         303.007
              65         303.005
              66         303.007
              67         303.009
              68         303.013
              69         303.019
              70         303.026
              71         303.036
              72         303.048
              73         303.064
              74         303.083
              75         303.105
              76         303.130
              77         303.157
              78         303.209
              79         303.277
              80         303.402
              81         303.599
              82         303.889
              83         304.301
              84         304.871
              85         305.635
              86         306.637
              87         307.914
              88         309.499
              89         311.412
              90         313.660
              91         316.209
              92         316.501
              93         314.240
              94         312.214
              95         310.427
              96         308.879
              97         307.567
              98         306.483
              99         305.608
             100         304.922
             101         304.397
             102         304.008
             103         303.735
             104            343.
             105            343.
             106            343.
             107            343.
             108            343.
             109            343.
             110            343.
             111            343.
             112            343.
             113            343.
             114            343.
             115            343.
             116            343.
             117            343.
             118         353.600
             119         353.600
             120         353.600
             121         353.600
             122         353.600
             123         353.600
             124         353.600
             125         345.252
             126         337.573
             127         330.888
             128         325.350
             129         320.930
             130         317.584
             131         315.241
             132         313.853
             133         313.281
             134         312.935
             135         312.385
             136         311.673
             137         310.855
             138         309.996
             139         309.144
             140         308.336
             141         307.598
             142         306.944
             143         306.378
             144         305.896
             145         305.488
             146         305.140
             147         304.841
             148         304.581
             149         304.352
             150         304.148
             151         303.964
             152         303.802
             153         303.662
             154         303.533
             155         303.424
             156         303.331
             157         303.255
             158         303.193
             159         303.144
             160         303.106
             161         303.076
             162         303.054
             163         303.038
             164         303.026
             165         303.018
             166         303.012
             167         303.008
             168         303.006
             169         303.004
             170         303.004
             171         303.218
             172         303.250
             173         303.279
             174         303.306
             175         303.331
             176         303.353
             177         303.370
             178         303.382
             179         303.389
             180         303.435
             181         303.571
             182         303.818
             183         304.202
             184         304.764
             185         305.552
             186         306.626
             187         308.048
             188         309.883
             189         312.186
             190         314.988
             191         318.285
             192         322.035
             193         326.097
             194         330.083
             195         333.512
             196         336.382
             197         338.293
             198         339.192
             199         339.576
             200         339.382
             201         338.608
             202         337.239
             203         335.518
             204         333.438
             205         331.196
             206         328.974
             207         326.881
             208         324.983
             209         323.318
             210         321.904
             211         320.747
             212         319.831
             213         319.132
             214         318.623
             215         318.279
             216         318.079
             217         318.533
             218         320.099
             219         322.667
             220         326.174
             221         330.529
             222         335.610
             223         341.268
             224         347.324
             225         353.586
             226         353.586
             227         353.585
             228         353.585
             229         353.585
             230         303.578
             231         303.447
             232         303.340
             233         303.254
             234         303.186
             235         303.134
             236         303.095
             237         303.067
             238         303.046
             239         303.031
             240         303.021
             241         303.014
             242         303.010
             243         303.007
             244         303.794
             245         303.615
             246         303.468
             247         303.351
             248         303.258
             249         303.187
             250         303.133
             251         303.093
             252         303.064
             253         303.043
             254         303.029
             255         303.020
             256         303.014
             257         303.010
             258         304.102
             259         303.856
             260         303.654
             261         303.491
             262         303.362
             263         303.263
             264         303.188
             265         303.132
             266         303.091
             267         303.062
             268         303.042
             269         303.028
             270         303.019
             271         303.015
             272         304.521
             273         304.184
             274         303.907
             275         303.683
             276         303.506
             277         303.369
             278         303.264
             279         303.186
             280         303.129
             281         303.088
             282         303.059
             283         303.040
             284         303.028
             285         303.021
             286         305.071
             287         304.617
             288         304.243
             289         303.939
             290         303.698
             291         303.510
             292         303.366
             293         303.259
             294         303.179
             295         303.122
             296         303.082
             297         303.056
             298         303.039
             299         303.029
             300         305.773
             301         305.173
             302         304.676
             303         304.271
             304         303.948
             305         303.695
             306         303.500
             307         303.354
             308         303.246
             309         303.168
             310         303.113
             311         303.076
             312         303.053
             313         303.040
             314         306.648
             315         305.869
             316         305.221
             317         304.691
             318         304.266
             319         303.931
             320         303.672
             321         303.476
             322         303.331
             323         303.226
             324         303.153
             325         303.103
             326         303.071
             327         303.054
             328         307.713
             329         306.722
             330         305.893
             331         305.211
             332         304.660
             333         304.224
             334         303.885
             335         303.628
             336         303.437
             337         303.299
             338         303.202
             339         303.136
             340         303.094
             341         303.071
             342         308.981
             343         307.745
             344         306.704
             345         305.840
             346         305.139
             347         304.580
             348         304.145
             349         303.813
             350         303.567
             351         303.388
             352         303.262
             353         303.176
             354         303.122
             355         303.092
             356         310.461
             357         308.948
             358         307.661
             359         306.586
             360         305.707
             361         305.003
             362         304.453
             363         304.033
             364         303.720
             365         303.492
             366         303.332
             367         303.224
             368         303.155
             369         303.117
             370         312.156
             371         310.335
             372         308.769
             373         307.450
             374         306.364
             375         305.492
             376         304.808
             377         304.285
             378         303.895
             379         303.612
             380         303.413
             381         303.278
             382         303.192
             383         303.145
             384         314.069
             385         311.908
             386         310.025
             387         308.426
             388         307.105
             389         306.041
             390         305.205
             391         304.567
             392         304.091
             393         303.746
             394         303.503
             395         303.338
             396         303.233
             397         303.176
             398            343.
             399            343.
             400            343.
             401            343.
             402            343.
             403            343.
             404         353.600
             405         353.600
             406         353.600
             407         353.600
             408         347.033
             409         345.903
             410         342.229
             411         330.421
             412         337.141
             413         345.134
             414         315.032
             415         317.276
             416         320.501
             417         324.838
             418         341.524
             419         341.729
             420         342.718
             421         339.473
             422         337.548
             423         341.623
             424         341.046
             425         341.059
             426         341.680
             427         344.894
             428         346.995
             429         334.189
             430         338.554
             431         348.159
             432         347.562
             433         349.229
             434         347.780
             435         348.032
             436         348.419
             437         348.813
             438         349.761
             439         350.529
             440         348.564
             441         349.021
             442         349.581
             443         350.312
             444         351.241
             445         352.354
             446         345.802
             447         347.400
             448         316.536
             449         314.355
             450         307.420
             451         306.343
             452         304.817
             453         304.297
             454         303.973
             455         312.197
             456         303.817
             457         318.902
             458         303.373
             459         303.346
             460         303.277
             461         303.242
             462         303.006
             463         303.013
             464         303.019
             465         303.028
             466         303.084
             467         303.116
             468         303.281
             469         303.362
             470         304.679
             471         304.948
             472         305.258
             473         305.618
             474         306.041
             475         306.540
             476         307.130
             477         307.817
             478         308.600
             479         309.460
             480         310.354
             481         311.237
             482         312.063
             483         312.786
             484         339.886
             485         339.357
             486         338.301
             487         337.077
             488         330.103
             489         325.968
             490         322.240
             491         318.604
             492         315.244
             493         312.279
             494         309.890
             495         308.032
             496         306.606
             497         305.533
             498         304.746
             499         304.186
             500         303.806
             501         303.564
             502         303.431
             503         319.502
             504         320.152
             505         318.729
             506         321.010
             507         322.094
             508         323.423
             509         325.014
             510         326.849
             511         328.881
             512         331.063
             513         333.326
             514         335.583
             515         337.671
             516         338.986
             517         339.679
             518         303.059
             519         303.041
             520         303.159
             521         303.213
             522         303.454
             523         303.573
             524         303.009
             525         347.172
             526         330.196
             527         325.921
             528         322.516
             529         320.882
             530         304.440
             531         305.064
             532         307.025
             533         308.479
             534         310.301
             535         312.432
             536         317.714
             537         305.909
             538         303.989
             539         314.828
             540         351.825
             541         341.735
             542         340.147
             543         328.284
             544         323.212
             545         316.612
             546         319.454
             547         336.516
             548         340.404
             549         339.321
             550         342.439
             551         340.614
             552         333.555
             553         339.620
             554         330.293
             555         339.885
             556         337.761
             557         342.171
             558         347.268
             559         342.885
             560         344.972
             561         342.775
             562         344.537
             563         345.605
             564         346.996
             565         343.455
             566         344.202
             567         342.491
             568         343.659
             569         345.924
             570         341.470
             571         308.733
             572         305.480
             573         304.540
             574         307.255
             575         310.309
             576         314.096
             577         304.193
             578         317.124
             579         304.122
             580         319.221
             581         341.944
             582         321.435
             583         303.394
             584         303.313
             585         303.411
             586         303.423
             587         303.497
             588         304.441
             589         319.036
             590         318.565
             591         303.005
             592         304.164
             593         305.509
             594         310.246
             595         325.592
             596         306.434
             597         306.978
             598         313.136
             599         305.971
             600         309.248
             601         311.295
             602         312.289
             603         315.654
             604         324.060
             605         333.787
             606         304.229
             607         304.037
             608         303.701
             609         305.247
             610         305.580
             611         307.624
             612         308.375
             613         313.915
             614         334.524
             615         329.329
             616         306.586
             617         325.685
             618         329.396
             619         339.213
             620         309.873
             621         312.302
             622         308.013
             623         320.736
             624         321.302
             625         323.040
             626         322.068
             627         324.225
             628         327.429
             629         331.535
             630         336.098
             631         303.789
             632         304.723
             633         335.248
             634         322.476
             635         340.972
             636         325.733
             637         348.532
             638         338.402
             639         330.168
             640         334.247
             641         303.670
             642         304.572
             643         303.455
             644         307.370
             645         311.109
             646         308.990
             647         304.087
             648         303.318
             649         306.155
             650         315.953
             651         305.244
             652         313.571
             653         319.034
             654         346.696
             655         335.464
             656         349.542
             657         344.942
             658         341.773
             659         332.572
             660         344.605
             661         334.810
             662         314.567
             663         344.877
             664         347.512
             665         346.985
             666         346.296
             667         320.048
             668         336.030
             669         328.534
             670         303.552
             671         303.362
             672         338.065
             673         336.889
             674         320.741
             675         318.013
             676         323.301
             677         330.546
             678         321.521
             679         304.557
             680         334.023
             681         310.117
             682         306.188
             683         337.656
             684         337.380
             685         338.917
             686         339.921
             687         342.107
             688         340.906
             689         340.207
             690         338.954
             691         341.688
             692         343.524
             693         337.871
             694         305.155
             695         317.953
             696         311.938
             697         305.307
             698         303.482
             699         303.758
             700         308.558
             701         324.427
             702         303.537
             703         337.201
             704         303.517
             705         320.351
             706         304.691
             707         303.414
             708         303.861
             709         304.453
             710         309.244
             711         323.490
             712         306.103
             713         324.806
             714         323.955
             715         323.285
             716         304.692
             717         325.708
             718         305.487
             719         304.135
             720         306.536
             721         326.922
             722         306.577
             723         305.738
             724         308.009
             725         334.837
             726         309.819
             727         312.240
             728         307.058
             729         313.430
             730         311.396
             731         328.609
             732         310.187
             733         308.406
             734         312.775
             735         307.674
             736         316.545
             737         314.222
             738         314.768
             739         332.679
             740         327.259
             741         330.584
             742         317.999
             743         329.835
             744         304.952
             745         325.654
             746         348.801
             747         303.746
             748         313.348
             749         306.371
             750         305.407
             751         307.660
             752         315.341
             753         317.074
             754         304.704
             755         311.816
             756         309.397
             757         303.512
             758         319.881
             759         326.511
             760         334.715
             761         339.376
             762         340.652
             763         343.108
             764         345.815
             765         347.737
             766         351.057
             767         324.839
             768         333.428
             769         332.057
             770         331.801
             771         318.239
             772         316.364
             773         333.187
             774         333.774
             775         305.172
             776         321.017
             777         307.171
             778         313.856
             779         343.716
             780         311.759
             781         336.116
             782         337.645
             783         337.956
             784         337.127
             785         333.954
             786         333.364
             787         334.511
             788         335.154
             789         336.119
             790         308.387
             791         315.711
             792         306.320
             793         309.919
             794         316.031
             795         303.736
             796         304.045
             797         321.845
             798         303.694
             799         303.655
             800         330.435
             801         303.707
             802         332.521
             803         307.913
             804         317.254
             805         308.628
             806         313.996
             807         322.831
             808         304.251
             809         305.123
             810         312.704
             811         311.858
             812         306.587
             813         305.457
             814         304.832
             815         326.595
             816         304.643
             817         308.074
             818         327.569
             819         320.127
             820         304.092
             821         303.766
             822         328.291
             823         327.725
             824         309.471
             825         322.570
             826         329.531
             827         314.767
             828         307.296
             829         306.800
             830         334.531
             831         305.421
             832         311.303
             833         310.422
             834         336.541
             835         320.840
             836         342.016
             837         304.191
             838         309.648
             839         307.889
             840         306.552
             841         319.600
             842         312.173
             843         305.550
             844         315.621
             845         322.651
             846         346.020
             847         303.829
             848         327.195
             849         319.655
             850         336.863
             851         323.905
             852         335.938
             853         334.116
             854         333.721
             855         341.904
             856         340.363
             857         339.913
             858         303.576
             859         326.530
             860         340.618
             861         337.138
             862         327.821
             863         339.414
             864         319.182
             865         339.867
             866         328.900
             867         329.793
             868         329.383
             869         317.591
             870         330.310
             871         329.003
             872         331.416
             873         332.506
             874         316.209
             875         308.288
             876         334.486
             877         349.334
             878         332.334
             879         330.659
             880         313.667
             881         338.486
             882         311.469
             883         309.669
             884         331.996
             885         333.674
             886         335.214
             887         332.811
             888         304.655
             889         305.777
             890         314.651
             891         309.002
             892         304.043
             893         303.991
             894         308.233
             895         318.867
             896         325.741
             897         337.067
             898         309.846
             899         312.102
             900         306.112
             901         305.779
             902         306.626
             903         309.963
             904         308.323
             905         305.384
             906         304.557
             907         307.649
             908         316.201
             909         310.753
             910         306.424
             911         325.861
             912         317.908
             913         338.963
             914         314.830
             915         312.262
             916         312.392
             917         343.637
             918         340.224
             919         330.966
             920         304.843
             921         309.800
             922         312.282
             923         308.079
             924         319.998
             925         315.891
             926         306.663
             927         304.307
             928         323.694
             929         325.781
             930         340.039
             931         324.343
             932         338.365
             933         325.144
             934         334.836
             935         333.520
             936         329.295
             937         336.537
             938         316.080
             939         333.313
             940         332.801
             941         330.172
             942         325.201
             943         329.448
             944         326.100
             945         318.856
             946         307.342
             947         329.132
             948         333.615
             949         315.773
             950         308.610
             951         313.144
             952         310.918
             953         309.399
             954         310.351
             955         311.524
             956         309.345
             957         327.762
             958         307.093
             959         306.810
             960         305.643
             961         305.004
             962         305.327
             963         322.327
             964         312.081
             965         303.922
             966         307.340
             967         315.104
             968         315.960
             969         318.650
             970         339.547
             971         321.076
             972         329.719
             973         336.636
             974         331.092
             975         304.432
             976         322.289
             977         330.306
             978         306.534
             979         324.131
             980         324.100
             981         308.280
             982         321.673
             983         318.084
             984         314.759
             985         309.985
             986         311.697
             987         313.316
             988         311.983
             989         314.877
             990         308.493
             991         308.282
             992         316.662
             993         308.636
             994         317.458
             995         319.177
             996         326.303
             997         326.587
             998         319.932
             999         331.622
            1000         326.188
            1001         321.447
            1002         322.084
            1003         322.836
            1004         325.290
            1005         310.311
            1006         317.786
            1007         320.917
            1008         315.474
            1009         313.589
            1010         311.877
            1011         316.923
            1012         310.248
            1013         309.992
            1014         318.444
            1015         310.527
            1016         325.599
            1017         321.908
            1018         326.814
            1019         335.189
            1020         328.164
            1021         323.737
            1022         330.089
            1023         321.012
            1024         319.630
            1025         315.557
            1026         312.398
            1027         320.173
            1028         311.475
            1029         312.990
            1030         322.839
            1031         321.482
            1032         330.177
            1033         322.139
            1034         320.795
            1035         328.744
            1036         324.847
            1037         323.818
            1038         329.859
            1039         325.886
            1040         316.867
            1041         313.762
            1042         314.811
            1043         325.717
            1044         318.219
            1045         320.099
            1046         318.715
            1047         317.269
            1048         319.915
            1049         313.714
            1050         346.370
            1051         341.294
            1052         340.291
            1053         348.527
            1054         323.951
            1055         334.607
            1056         329.214
            1057         324.134
            1058         337.037
            1059         338.616
            1060         340.059
            1061         321.753
            1062         340.451
            1063         322.616
            1064         319.323
            1065         328.157
            1066         340.958
            1067         304.563
            1068         319.710
            1069         329.175
            1070         321.062
            1071         322.395
            1072         315.600
            1073         314.561
            1074         325.893
            1075         320.182
            1076         326.031
            1077         311.723
            1078         309.772
            1079         309.964
            1080         315.690
            1081         312.242
            1082         313.922
            1083         317.400
            1084         314.132
            1085         313.680
            1086         308.509
            1087         313.361


  Minimum                303.004
         At Node              20

  Maximum                353.600
         At Node             407

           Total     347.153E+03


