********************************************************************************
Field Output Report, written Mon Aug 24 09:34:02 2020

Source 1
---------

   ODB: C:/Temp/Job-dispersao.odb
   Step: Step-1
   Frame: Increment   6000: Step Time =    6000.

Loc 1 : Nodal values from source 1

Output sorted by column "Node Label".

Field Output reported at nodes for part: PART-1-1

            Node            NT11
           Label          @Loc 1
---------------------------------
               1            330.
               2            330.
               3            330.
               4            330.
               5            330.
               6         335.193
               7         319.267
               8         303.047
               9         324.355
              10         349.355
              11         349.144
              12         348.814
              13         349.294
              14         348.729
              15         353.600
              16         353.600
              17         305.258
              18            303.
              19         296.344
              20            343.
              21            343.
              22            343.
              23            343.
              24         353.600
              25         353.600
              26         353.600
              27            303.
              28         303.007
              29         307.740
              30         306.895
              31            330.
              32            330.
              33            330.
              34            330.
              35            330.
              36            330.
              37            330.
              38            330.
              39            330.
              40            330.
              41            330.
              42            330.
              43            330.
              44            330.
              45            330.
              46            330.
              47            330.
              48            330.
              49            330.
              50            330.
              51            330.
              52            330.
              53            330.
              54            330.
              55            330.
              56            330.
              57            330.
              58            330.
              59            330.
              60            330.
              61            330.
              62            330.
              63            330.
              64            330.
              65            330.
              66            330.
              67            330.
              68            330.
              69            330.
              70            330.
              71            330.
              72            330.
              73            330.
              74            330.
              75            330.
              76            330.
              77            330.
              78            330.
              79            330.
              80            330.
              81            330.
              82            330.
              83            330.
              84            330.
              85            330.
              86            330.
              87            330.
              88            330.
              89            330.
              90         330.182
              91         330.797
              92         327.111
              93         304.867
              94         303.240
              95         303.109
              96         303.076
              97         303.047
              98         303.244
              99         304.476
             100         309.319
             101         326.134
             102         324.119
             103         325.616
             104         324.335
             105         327.193
             106         349.191
             107         349.146
             108         349.093
             109         349.013
             110         348.930
             111         348.861
             112         348.798
             113         348.817
             114         348.897
             115         348.988
             116         349.097
             117         349.571
             118         349.835
             119         350.144
             120         350.499
             121         350.902
             122         351.353
             123         351.849
             124         352.389
             125         352.968
             126         352.985
             127         352.396
             128         351.851
             129         351.353
             130         350.902
             131         350.499
             132         350.142
             133         349.830
             134         349.557
             135         313.953
             136         307.012
             137         303.105
             138         303.005
             139         303.000
             140            303.
             141            303.
             142            303.
             143            303.
             144            303.
             145            303.
             146            303.
             147            303.
             148            303.
             149            303.
             150            303.
             151            303.
             152            303.
             153            303.
             154            303.
             155         303.000
             156         303.000
             157         303.000
             158         303.002
             159         302.970
             160         302.742
             161         300.692
             162         296.500
             163         296.332
             164         296.292
             165         296.468
             166         296.536
             167         296.608
             168         296.758
             169         297.532
             170         301.501
             171         302.924
             172         304.669
             173         308.375
             174         315.940
             175            343.
             176            343.
             177            343.
             178            343.
             179            343.
             180            343.
             181            343.
             182            343.
             183            343.
             184            343.
             185            343.
             186            343.
             187            343.
             188            343.
             189         353.600
             190         353.600
             191         353.600
             192         353.600
             193         353.600
             194         353.600
             195         353.600
             196            303.
             197            303.
             198            303.
             199            303.
             200            303.
             201            303.
             202            303.
             203            303.
             204            303.
             205            303.
             206            303.
             207            303.
             208            303.
             209         303.000
             210         303.000
             211         303.001
             212         303.006
             213         303.026
             214         303.092
             215         303.282
             216         303.785
             217         304.658
             218         305.836
             219         307.701
             220         310.597
             221         313.105
             222         312.171
             223         312.822
             224         312.825
             225         312.037
             226         310.175
             227         307.361
             228         306.349
             229         304.472
             230         303.462
             231         303.069
             232         303.018
             233         303.012
             234         303.010
             235         303.009
             236         303.009
             237         303.008
             238         303.008
             239         303.008
             240         303.007
             241         303.007
             242         303.016
             243         303.065
             244         303.245
             245         303.826
             246         305.468
             247         309.449
             248         317.552
             249         331.058
             250         330.829
             251         317.571
             252         309.765
             253         306.154
             254         305.345
             255         305.836
             256         306.749
             257         307.502
             258         309.720
             259         315.927
             260         324.176
             261         329.403
             262         329.871
             263         329.891
             264         329.807
             265         329.934
             266         329.937
             267         329.935
             268         329.942
             269         329.940
             270         329.935
             271         329.927
             272         329.892
             273         329.927
             274         329.946
             275         329.931
             276         329.909
             277         329.897
             278         329.887
             279         329.726
             280         329.875
             281         329.936
             282         329.987
             283         329.990
             284         329.987
             285         329.945
             286         329.928
             287         329.924
             288         329.923
             289         329.919
             290         329.875
             291         329.386
             292         323.909
             293         315.282
             294         308.943
             295         306.444
             296         297.406
             297         295.378
             298         297.187
             299         306.335
             300         304.145
             301         304.103
             302         306.057
             303         302.143
             304         302.932
             305         302.149
             306         303.128
             307         302.980
             308         301.098
             309         302.962
             310         302.982
             311         349.176
             312         349.103
             313         349.006
             314         348.921
             315         348.847
             316         300.119
             317         299.902
             318         299.060
             319         302.915
             320         305.548
             321         305.193
             322         305.194
             323         305.194
             324         305.194
             325         305.194
             326         305.186
             327         304.651
             328         303.903
             329         303.231
             330         302.856
             331         303.117
             332         303.278
             333         302.608
             334         302.754
             335         303.109
             336         303.094
             337         303.094
             338         303.094
             339         303.094
             340         303.086
             341         303.066
             342         303.037
             343         303.014
             344         302.876
             345         303.088
             346         303.050
             347         303.171
             348         303.048
             349         302.996
             350         303.003
             351         303.003
             352         303.003
             353         303.003
             354         303.002
             355         303.002
             356         303.001
             357         303.000
             358         302.951
             359         303.000
             360         302.973
             361         302.966
             362         302.997
             363         303.001
             364         303.000
             365         303.000
             366         303.000
             367         303.000
             368         303.000
             369         303.000
             370         303.000
             371            303.
             372         303.901
             373         302.916
             374         303.012
             375         303.001
             376         303.000
             377         303.000
             378            303.
             379            303.
             380            303.
             381            303.
             382            303.
             383            303.
             384            303.
             385            303.
             386         299.335
             387         303.185
             388         302.987
             389         302.999
             390         303.001
             391         303.000
             392            303.
             393            303.
             394            303.
             395            303.
             396            303.
             397            303.
             398            303.
             399            303.
             400         297.053
             401         303.904
             402         302.798
             403         303.046
             404         302.994
             405         303.000
             406            303.
             407            303.
             408            303.
             409            303.
             410            303.
             411            303.
             412            303.
             413            303.
             414         296.678
             415         297.683
             416         303.681
             417         302.912
             418         303.010
             419         303.000
             420            303.
             421            303.
             422            303.
             423            303.
             424            303.
             425            303.
             426            303.
             427            303.
             428         296.574
             429         296.844
             430         303.397
             431         302.982
             432         302.999
             433         303.000
             434         303.000
             435            303.
             436            303.
             437            303.
             438            303.
             439            303.
             440            303.
             441            303.
             442         296.504
             443         296.678
             444         303.297
             445         303.002
             446         302.991
             447         303.002
             448         303.000
             449         303.000
             450            303.
             451            303.
             452            303.
             453            303.
             454            303.
             455            303.
             456         296.340
             457         296.539
             458         303.408
             459         302.993
             460         302.995
             461         303.002
             462         302.999
             463         303.000
             464            303.
             465            303.
             466            303.
             467            303.
             468            303.
             469            303.
             470         296.387
             471         296.891
             472         303.773
             473         302.950
             474         303.005
             475         302.999
             476         303.000
             477            303.
             478            303.
             479            303.
             480            303.
             481            303.
             482            303.
             483            303.
             484            343.
             485            343.
             486            343.
             487            343.
             488            343.
             489            343.
             490         353.600
             491         353.600
             492         353.600
             493         353.600
             494         321.833
             495         303.184
             496         303.389
             497         335.555
             498         336.893
             499         335.586
             500         336.732
             501         303.259
             502         304.085
             503         339.124
             504         307.486
             505         336.842
             506         303.143
             507         293.191
             508         299.239
             509         306.963
             510         308.919
             511         316.927
             512         330.756
             513         308.088
             514         306.722
             515         305.790
             516         306.093
             517         338.449
             518         334.453
             519         338.443
             520         328.048
             521         303.292
             522         330.751
             523         331.174
             524         315.388
             525         313.360
             526         314.319
             527         330.536
             528         330.113
             529         331.080
             530         320.248
             531         314.045
             532         335.632
             533         314.434
             534         324.856
             535         332.949
             536         332.307
             537         333.390
             538         333.922
             539         333.728
             540         336.504
             541         340.186
             542         328.153
             543         323.844
             544         296.267
             545         296.456
             546         296.962
             547         299.695
             548         305.834
             549         310.759
             550         319.260
             551         296.528
             552         296.290
             553            303.
             554            303.
             555            303.
             556            303.
             557         314.368
             558         315.858
             559         315.593
             560         314.403
             561         314.299
             562         312.413
             563         309.895
             564         306.701
             565         304.892
             566         303.747
             567         303.305
             568         303.111
             569         303.029
             570         303.007
             571         303.001
             572         303.000
             573         303.000
             574            303.
             575            303.
             576            303.
             577            303.
             578         314.236
             579         303.018
             580         303.018
             581         303.016
             582         303.018
             583         303.039
             584         303.093
             585         303.697
             586         305.299
             587         308.312
             588         311.358
             589         312.633
             590         313.707
             591         303.018
             592         303.020
             593         303.025
             594         321.214
             595         330.821
             596         305.350
             597         303.789
             598         303.235
             599         316.848
             600         320.254
             601         320.163
             602         320.357
             603         320.616
             604         320.977
             605         320.474
             606         320.805
             607         320.421
             608         320.231
             609         319.791
             610         320.353
             611         320.398
             612         320.801
             613         320.816
             614         296.365
             615            303.
             616         303.000
             617         303.001
             618         303.003
             619         302.975
             620         302.678
             621         297.413
             622         303.000
             623            303.
             624         301.603
             625         327.389
             626         332.236
             627         323.547
             628         292.198
             629         332.479
             630         287.687
             631         339.916
             632         285.085
             633         345.959
             634         313.357
             635         303.634
             636         304.481
             637         303.755
             638         306.382
             639         303.530
             640         317.591
             641         335.798
             642         296.177
             643         297.772
             644         306.969
             645         309.241
             646         307.097
             647         306.360
             648         340.104
             649         303.080
             650         309.047
             651         304.733
             652         317.935
             653         321.817
             654         296.879
             655         297.988
             656         321.076
             657         321.919
             658         288.817
             659         296.666
             660         320.363
             661         296.751
             662         317.818
             663         318.902
             664         328.563
             665         319.927
             666         321.185
             667         320.529
             668         320.575
             669         321.003
             670         323.679
             671         304.459
             672         296.667
             673         302.895
             674         306.583
             675         296.589
             676         296.431
             677         296.767
             678         296.214
             679         296.218
             680         320.573
             681         296.270
             682            303.
             683            303.
             684            303.
             685            303.
             686            303.
             687         303.017
             688         303.016
             689         308.511
             690            303.
             691         303.000
             692         303.345
             693         305.656
             694         305.820
             695         303.229
             696         317.860
             697         303.002
             698         316.791
             699         303.076
             700         303.035
             701         303.132
             702         303.008
             703         303.930
             704         303.065
             705         303.059
             706         303.065
             707         303.063
             708         303.060
             709         303.839
             710         310.563
             711         303.123
             712            303.
             713         303.000
             714         309.167
             715         303.232
             716         317.144
             717         303.769
             718         318.748
             719         315.532
             720         320.716
             721         313.302
             722         313.422
             723         320.184
             724         313.706
             725         313.747
             726         312.603
             727         312.450
             728         312.858
             729         312.189
             730         313.055
             731         320.554
             732         313.255
             733         313.618
             734         313.857
             735         313.021
             736         312.259
             737            303.
             738         303.000
             739            303.
             740         303.002
             741         303.011
             742            303.
             743         303.008
             744            303.
             745         303.001
             746         302.429
             747         303.000
             748         302.933
             749         301.171
             750         329.941
             751         312.014
             752         304.545
             753         325.441
             754         315.199
             755         317.473
             756         321.847
             757         314.558
             758         293.737
             759         292.886
             760         312.066
             761            303.
             762         326.530
             763            303.
             764         303.063
             765         296.340
             766         307.411
             767         304.334
             768         305.269
             769         304.353
             770         304.697
             771         314.116
             772         306.894
             773         308.944
             774         306.743
             775         296.225
             776         302.776
             777         296.087
             778         304.930
             779         306.958
             780         298.906
             781         296.379
             782         296.574
             783         313.590
             784         312.333
             785         311.222
             786         314.895
             787         312.507
             788         313.838
             789         303.718
             790         296.368
             791         296.513
             792         296.636
             793            303.
             794         296.175
             795         302.851
             796            303.
             797         305.967
             798            303.
             799         306.382
             800         303.187
             801         303.205
             802         303.174
             803         303.210
             804         303.000
             805         303.000
             806            303.
             807         303.228
             808         303.002
             809         306.570
             810         303.011
             811         303.047
             812         303.173
             813         303.339
             814         303.486
             815         304.254
             816         308.715
             817         303.603
             818         304.336
             819         303.064
             820         303.759
             821         305.253
             822            303.
             823         317.383
             824         312.863
             825         331.834
             826         307.863
             827         309.116
             828         307.667
             829         309.235
             830         308.378
             831         308.160
             832         307.505
             833         309.109
             834         308.320
             835         308.011
             836         307.892
             837         308.743
             838            303.
             839         312.608
             840         303.001
             841         303.000
             842         303.004
             843         303.183
             844         303.384
             845         303.000
             846         303.062
             847         303.019
             848            303.
             849         303.627
             850         308.825
             851         315.255
             852            303.
             853         308.006
             854         322.072
             855         310.609
             856         313.912
             857         324.395
             858         307.195
             859         306.206
             860         307.865
             861         305.416
             862         305.635
             863         308.488
             864         295.931
             865         307.492
             866         304.387
             867            303.
             868         296.843
             869         307.835
             870         302.714
             871         295.799
             872         298.512
             873            303.
             874         296.486
             875         296.561
             876         296.464
             877         307.203
             878         307.172
             879         306.126
             880         296.303
             881         318.375
             882         296.725
             883         301.423
             884         296.614
             885         296.064
             886            303.
             887            303.
             888         303.765
             889         304.606
             890         304.608
             891         303.680
             892         303.239
             893         302.882
             894         303.066
             895         303.002
             896         303.689
             897         303.063
             898         303.000
             899         303.000
             900         303.489
             901         303.014
             902         303.469
             903         303.512
             904            303.
             905         303.232
             906         308.729
             907         303.232
             908         305.203
             909         307.126
             910         312.339
             911         307.442
             912            303.
             913         305.463
             914         305.805
             915         305.753
             916         305.770
             917         304.954
             918         304.431
             919         303.034
             920         303.010
             921         303.003
             922         303.961
             923         303.110
             924         303.001
             925         303.335
             926         304.905
             927         306.572
             928         308.528
             929         317.829
             930         305.827
             931         310.863
             932         311.630
             933         316.337
             934         306.046
             935         305.026
             936         303.493
             937         305.140
             938         303.062
             939         308.692
             940         305.166
             941         296.656
             942            303.
             943         296.173
             944         296.323
             945         298.402
             946         296.671
             947         296.710
             948         304.328
             949         305.534
             950         296.814
             951         336.962
             952         304.578
             953         305.802
             954         303.727
             955            303.
             956         303.227
             957         296.261
             958         297.742
             959         303.074
             960         295.900
             961         303.745
             962         303.001
             963         303.020
             964         303.004
             965         303.000
             966         303.000
             967            303.
             968         297.018
             969         305.120
             970         304.030
             971         312.223
             972         303.000
             973            303.
             974         304.287
             975         304.404
             976         303.781
             977         304.071
             978         304.203
             979         303.085
             980         303.018
             981         303.057
             982         301.762
             983         303.004
             984         296.738
             985         303.001
             986         304.653
             987         303.189
             988         309.567
             989         306.260
             990         298.901
             991         302.940
             992         295.818
             993         309.592
             994         293.810
             995         295.926
             996         305.086
             997         296.448
             998         308.519
             999         303.000
            1000         297.338
            1001         296.813
            1002         296.877
            1003         295.512
            1004            303.
            1005         298.143
            1006         301.282
            1007         303.447
            1008         303.520
            1009         303.000
            1010         303.357
            1011         303.193
            1012         302.849
            1013         302.107
            1014         299.362
            1015         299.880
            1016         302.647
            1017         294.330
            1018         294.260
            1019         294.333
            1020         299.419
            1021         297.693
            1022         296.074
            1023         297.228
            1024         297.193
            1025         296.960
            1026         297.144
            1027         301.138
            1028         296.284
            1029         298.150
            1030         301.227
            1031         299.970
            1032         290.896
            1033         295.414
            1034         303.000
            1035         308.917
            1036         302.140
            1037         296.094
            1038         297.134
            1039         296.798
            1040         297.249
            1041         295.395
            1042         299.939
            1043         304.122
            1044         296.049
            1045         297.083
            1046         296.369
            1047         298.600
            1048         293.945
            1049         304.034
            1050         296.013
            1051         296.266
            1052         309.185
            1053         302.983
            1054         328.629
            1055         324.647
            1056         344.239
            1057         326.262
            1058         310.095
            1059         318.457
            1060         292.948
            1061         313.551
            1062         310.707
            1063         296.062
            1064         309.236
            1065         295.996
            1066         296.834
            1067         305.708
            1068         315.470
            1069         301.622
            1070         302.153
            1071         296.177
            1072         306.455
            1073         304.329
            1074         306.556
            1075         296.119
            1076         305.504
            1077         294.530
            1078         295.096
            1079         305.412
            1080         296.763
            1081         305.959
            1082         305.946
            1083         296.548
            1084         303.560
            1085         296.532
            1086         303.724
            1087         297.374


  Minimum                285.085
         At Node             632

  Maximum                353.600
         At Node             493

           Total     338.476E+03


