********************************************************************************
Field Output Report, written Mon Aug 24 10:31:13 2020

Source 1
---------

   ODB: C:/Temp/Job-final2.odb
   Step: Step-1
   Frame: Increment   6000: Step Time =    6000.

Loc 1 : Nodal values from source 1

Output sorted by column "Node Label".

Field Output reported at nodes for part: PART-1-1

            Node            NT11
           Label          @Loc 1
---------------------------------
               1            330.
               2            330.
               3            330.
               4            330.
               5            330.
               6         320.646
               7         312.979
               8         327.705
               9         332.614
              10         345.221
              11         344.978
              12         344.600
              13         345.144
              14         344.507
              15         353.600
              16         353.600
              17         304.081
              18            303.
              19         303.386
              20            343.
              21            343.
              22            343.
              23            343.
              24         353.600
              25         353.600
              26         353.600
              27            303.
              28         303.000
              29         309.530
              30         305.538
              31            330.
              32            330.
              33            330.
              34            330.
              35            330.
              36            330.
              37            330.
              38            330.
              39            330.
              40            330.
              41            330.
              42            330.
              43            330.
              44            330.
              45            330.
              46            330.
              47            330.
              48            330.
              49            330.
              50            330.
              51            330.
              52            330.
              53            330.
              54            330.
              55            330.
              56            330.
              57            330.
              58            330.
              59            330.
              60            330.
              61            330.
              62            330.
              63            330.
              64            330.
              65            330.
              66            330.
              67            330.
              68            330.
              69            330.
              70            330.
              71            330.
              72            330.
              73            330.
              74            330.
              75            330.
              76            330.
              77            330.
              78            330.
              79            330.
              80            330.
              81            330.
              82            330.
              83            330.
              84            330.
              85            330.
              86            330.
              87            330.
              88            330.
              89            330.
              90         316.902
              91         316.092
              92         314.016
              93         316.593
              94         318.686
              95         319.866
              96         321.284
              97         323.436
              98         327.688
              99         327.523
             100         331.134
             101         326.181
             102         323.261
             103         321.074
             104         320.514
             105         320.475
             106         345.032
             107         344.975
             108         344.909
             109         344.816
             110         344.722
             111         344.648
             112         344.582
             113         344.594
             114         344.675
             115         344.775
             116         344.905
             117         345.461
             118         345.746
             119         346.138
             120         346.736
             121         347.633
             122         348.739
             123         349.875
             124         351.029
             125         352.226
             126         352.320
             127         351.076
             128         349.905
             129         348.793
             130         347.786
             131         346.939
             132         346.288
             133         345.815
             134         345.459
             135         314.319
             136         306.653
             137         302.997
             138         302.989
             139         302.998
             140         303.000
             141            303.
             142            303.
             143            303.
             144            303.
             145            303.
             146            303.
             147            303.
             148            303.
             149            303.
             150            303.
             151            303.
             152         303.000
             153         303.000
             154         303.000
             155         303.000
             156         303.001
             157         303.002
             158         303.009
             159         303.010
             160         303.012
             161         303.016
             162         303.033
             163         303.054
             164         303.015
             165         303.005
             166         303.002
             167         303.001
             168         303.005
             169         303.031
             170         303.166
             171         303.788
             172         305.492
             173         309.594
             174         317.312
             175            343.
             176            343.
             177            343.
             178            343.
             179            343.
             180            343.
             181            343.
             182            343.
             183            343.
             184            343.
             185            343.
             186            343.
             187            343.
             188            343.
             189         353.600
             190         353.600
             191         353.600
             192         353.600
             193         353.600
             194         353.600
             195         353.600
             196            303.
             197            303.
             198            303.
             199            303.
             200            303.
             201            303.
             202            303.
             203            303.
             204            303.
             205            303.
             206            303.
             207            303.
             208            303.
             209            303.
             210            303.
             211         303.000
             212         303.000
             213         303.004
             214         303.029
             215         303.166
             216         303.428
             217         303.750
             218         304.981
             219         307.119
             220         310.160
             221         309.739
             222         311.651
             223         309.411
             224         312.796
             225         314.097
             226         312.765
             227         308.963
             228         306.759
             229         305.271
             230         304.108
             231         303.427
             232         303.134
             233         303.047
             234         303.022
             235         303.035
             236         303.056
             237         303.031
             238         303.017
             239         303.006
             240         303.000
             241         303.000
             242         303.000
             243         302.996
             244         303.006
             245         303.216
             246         304.499
             247         308.831
             248         315.969
             249         328.224
             250         328.297
             251         316.579
             252         308.395
             253         304.792
             254         304.679
             255         305.869
             256         307.287
             257         308.546
             258         310.519
             259         314.788
             260         323.160
             261         328.712
             262         329.627
             263         329.781
             264         329.808
             265         329.813
             266         329.801
             267         329.819
             268         329.834
             269         329.850
             270         329.934
             271         330.001
             272         329.996
             273         329.996
             274         329.982
             275         329.966
             276         329.974
             277         329.959
             278         329.953
             279         329.974
             280         329.992
             281         329.997
             282         329.997
             283         330.007
             284         329.936
             285         329.887
             286         329.938
             287         329.987
             288         329.996
             289         329.999
             290         329.999
             291         329.940
             292         324.566
             293         315.648
             294         308.423
             295         305.467
             296         317.381
             297         317.383
             298         317.496
             299         317.568
             300         318.032
             301         318.553
             302         317.907
             303         318.765
             304         319.495
             305         319.054
             306         319.994
             307         320.768
             308         323.647
             309         322.446
             310         323.076
             311         345.009
             312         344.919
             313         344.805
             314         344.709
             315         344.631
             316         303.198
             317         301.846
             318         305.017
             319         302.607
             320         302.947
             321         302.857
             322         302.623
             323         302.505
             324         302.441
             325         304.588
             326         301.791
             327         302.560
             328         304.894
             329         302.943
             330         303.381
             331         302.856
             332         302.574
             333         302.840
             334         302.729
             335         302.718
             336         302.765
             337         302.787
             338         302.831
             339         302.571
             340         302.815
             341         302.951
             342         303.048
             343         303.002
             344         302.859
             345         303.051
             346         303.066
             347         303.040
             348         303.068
             349         303.077
             350         303.054
             351         303.044
             352         303.042
             353         303.066
             354         302.995
             355         302.998
             356         302.998
             357         303.002
             358         302.945
             359         302.996
             360         302.992
             361         302.993
             362         302.991
             363         302.991
             364         302.993
             365         302.993
             366         302.993
             367         302.994
             368         303.001
             369         303.000
             370         303.000
             371         303.000
             372         302.989
             373         303.001
             374         303.000
             375         303.000
             376         303.000
             377         303.000
             378         303.000
             379         303.000
             380         303.000
             381         303.001
             382         303.000
             383         303.000
             384         303.000
             385            303.
             386         302.998
             387         303.000
             388         303.000
             389         303.000
             390         303.000
             391         303.000
             392         303.000
             393         303.000
             394            303.
             395         303.000
             396         303.000
             397            303.
             398            303.
             399            303.
             400         302.999
             401         303.000
             402         303.000
             403         303.000
             404         303.000
             405         303.000
             406            303.
             407         303.000
             408         303.000
             409            303.
             410            303.
             411            303.
             412            303.
             413            303.
             414         303.000
             415         303.000
             416         303.000
             417         303.000
             418         303.000
             419         303.000
             420            303.
             421         303.000
             422         303.000
             423         303.000
             424            303.
             425            303.
             426            303.
             427            303.
             428         303.001
             429         303.000
             430         303.000
             431         303.000
             432         303.000
             433            303.
             434         303.000
             435         303.000
             436         303.000
             437         303.000
             438            303.
             439            303.
             440            303.
             441            303.
             442         303.001
             443         303.001
             444         303.001
             445         303.001
             446         303.001
             447         303.000
             448         303.000
             449         303.000
             450         303.000
             451         303.000
             452         303.000
             453         303.000
             454            303.
             455            303.
             456         303.005
             457         303.005
             458         303.006
             459         303.007
             460         303.013
             461         303.003
             462         303.000
             463         302.999
             464         302.999
             465         302.999
             466         302.999
             467         303.000
             468         303.000
             469            303.
             470         303.008
             471         303.008
             472         303.009
             473         303.010
             474         303.011
             475         303.003
             476         303.000
             477         303.000
             478         303.000
             479         303.000
             480         303.000
             481         303.000
             482            303.
             483            303.
             484            343.
             485            343.
             486            343.
             487            343.
             488            343.
             489            343.
             490         353.600
             491         353.600
             492         353.600
             493         353.600
             494         321.595
             495         323.157
             496         319.002
             497         331.132
             498         323.165
             499         326.627
             500         336.371
             501         321.015
             502         315.603
             503         320.574
             504         309.746
             505         337.448
             506         326.953
             507         336.057
             508         332.683
             509         327.230
             510         308.280
             511         315.839
             512         328.119
             513         308.206
             514         306.546
             515         305.394
             516         305.365
             517         326.982
             518         327.065
             519         326.920
             520         322.419
             521         326.248
             522         331.230
             523         330.859
             524         334.830
             525         330.665
             526         328.472
             527         330.469
             528         329.927
             529         330.455
             530         339.237
             531         332.397
             532         343.950
             533         323.596
             534         324.679
             535         341.603
             536         334.270
             537         346.727
             538         349.110
             539         348.125
             540         350.024
             541         350.927
             542         326.500
             543         338.798
             544         303.097
             545         303.038
             546         303.083
             547         303.356
             548         307.066
             549         312.074
             550         320.132
             551         303.014
             552         303.268
             553            303.
             554            303.
             555            303.
             556            303.
             557         314.019
             558         314.653
             559         312.853
             560         312.519
             561         312.617
             562         312.162
             563         310.206
             564         306.237
             565         304.505
             566         303.641
             567         303.198
             568         303.052
             569         303.009
             570         303.001
             571         303.000
             572            303.
             573            303.
             574            303.
             575            303.
             576            303.
             577            303.
             578         313.844
             579         303.020
             580         303.039
             581         303.001
             582         303.066
             583         303.260
             584         303.625
             585         304.516
             586         306.327
             587         309.043
             588         311.702
             589         313.704
             590         314.258
             591         303.107
             592         303.124
             593         303.144
             594         320.800
             595         328.009
             596         304.702
             597         303.326
             598         303.019
             599         317.015
             600         320.675
             601         320.819
             602         320.944
             603         320.974
             604         321.092
             605         321.046
             606         320.817
             607         320.701
             608         320.659
             609         319.999
             610         320.817
             611         320.814
             612         321.188
             613         320.320
             614         304.248
             615         303.000
             616         303.001
             617         303.002
             618         303.007
             619         303.010
             620         303.017
             621         303.270
             622         303.001
             623         303.000
             624         303.039
             625         329.089
             626         334.375
             627         324.298
             628         326.106
             629         342.582
             630         334.729
             631         343.392
             632         330.207
             633         351.882
             634         313.371
             635         314.342
             636         308.168
             637         311.316
             638         306.759
             639         316.879
             640         314.528
             641         342.803
             642         324.560
             643         318.459
             644         306.368
             645         308.517
             646         306.936
             647         305.890
             648         329.004
             649         325.773
             650         328.126
             651         326.436
             652         333.723
             653         320.528
             654         320.906
             655         328.775
             656         319.401
             657         320.061
             658         337.251
             659         318.310
             660         320.532
             661         315.174
             662         317.785
             663         318.337
             664         350.687
             665         348.988
             666         332.069
             667         340.939
             668         347.272
             669         325.737
             670         349.960
             671         318.791
             672         303.017
             673         304.239
             674         307.536
             675         303.007
             676         303.128
             677         303.131
             678         303.295
             679         303.602
             680         321.584
             681         304.887
             682            303.
             683            303.
             684            303.
             685            303.
             686            303.
             687         303.009
             688         302.999
             689         307.850
             690            303.
             691         303.000
             692         303.292
             693         305.417
             694         308.111
             695         304.156
             696         317.801
             697         303.000
             698         317.542
             699         303.605
             700         303.021
             701         303.095
             702         303.003
             703         303.841
             704         303.053
             705         303.279
             706         303.109
             707         303.193
             708         303.413
             709         305.359
             710         313.382
             711         303.721
             712            303.
             713            303.
             714         308.399
             715         303.055
             716         315.575
             717         303.420
             718         320.631
             719         315.765
             720         321.210
             721         312.793
             722         313.675
             723         320.564
             724         313.670
             725         313.695
             726         313.203
             727         313.305
             728         313.568
             729         312.928
             730         313.507
             731         320.479
             732         313.461
             733         313.812
             734         313.717
             735         312.716
             736         312.797
             737         303.000
             738         303.000
             739            303.
             740         303.002
             741         303.011
             742         303.000
             743         303.006
             744            303.
             745         303.001
             746         303.143
             747         303.001
             748         303.022
             749         304.303
             750         327.306
             751         312.033
             752         328.592
             753         342.262
             754         313.688
             755         320.022
             756         322.436
             757         317.906
             758         328.205
             759         327.411
             760         312.865
             761            303.
             762         323.692
             763            303.
             764         302.995
             765         318.631
             766         307.055
             767         308.156
             768         305.680
             769         306.970
             770         305.951
             771         314.674
             772         306.651
             773         309.196
             774         306.352
             775         308.086
             776         325.556
             777         303.825
             778         326.716
             779         307.996
             780         303.507
             781         314.459
             782         303.022
             783         322.103
             784         327.603
             785         333.770
             786         342.176
             787         340.526
             788         318.283
             789         325.665
             790         303.405
             791         303.051
             792         303.030
             793            303.
             794         304.281
             795         304.531
             796            303.
             797         317.314
             798            303.
             799         306.985
             800         303.857
             801         304.241
             802         304.026
             803         303.716
             804            303.
             805         303.000
             806            303.
             807         303.450
             808         303.001
             809         309.200
             810         303.005
             811         303.029
             812         303.127
             813         304.500
             814         303.471
             815         306.229
             816         308.805
             817         305.066
             818         304.508
             819         303.020
             820         303.675
             821         304.905
             822            303.
             823         327.079
             824         313.720
             825         343.452
             826         308.070
             827         308.875
             828         308.147
             829         308.835
             830         308.764
             831         308.360
             832         307.708
             833         308.734
             834         308.480
             835         308.637
             836         308.464
             837         308.586
             838            303.
             839         313.189
             840         303.001
             841         303.000
             842         303.002
             843         303.094
             844         303.735
             845            303.
             846         303.015
             847         303.006
             848            303.
             849         305.603
             850         308.019
             851         314.383
             852            303.
             853         308.255
             854         328.555
             855         309.725
             856         314.541
             857         325.040
             858         308.031
             859         305.993
             860         311.090
             861         306.227
             862         306.066
             863         312.596
             864         306.972
             865         307.555
             866         309.136
             867            303.
             868         312.247
             869         315.780
             870         325.453
             871         304.536
             872         303.643
             873            303.
             874         303.154
             875         303.057
             876         318.869
             877         323.779
             878         317.502
             879         319.536
             880         306.597
             881         342.532
             882         303.178
             883         325.441
             884         303.046
             885         304.401
             886            303.
             887            303.
             888         307.156
             889         307.911
             890         304.830
             891         303.670
             892         303.173
             893         305.007
             894         303.037
             895         303.001
             896         305.257
             897         302.998
             898         303.000
             899            303.
             900         305.340
             901         303.006
             902         305.851
             903         306.493
             904            303.
             905         303.219
             906         312.811
             907         303.110
             908         305.125
             909         307.677
             910         326.969
             911         307.692
             912            303.
             913         305.929
             914         306.422
             915         306.833
             916         307.118
             917         305.464
             918         305.124
             919         303.018
             920         303.003
             921         303.001
             922         304.350
             923         303.106
             924         303.000
             925         303.448
             926         309.584
             927         307.109
             928         308.116
             929         318.611
             930         306.176
             931         311.322
             932         312.440
             933         314.899
             934         306.222
             935         308.769
             936         319.326
             937         305.620
             938         305.301
             939         326.036
             940         311.028
             941         303.263
             942            303.
             943         305.627
             944         310.184
             945         303.758
             946         303.097
             947         303.077
             948         311.131
             949         314.291
             950         303.199
             951         351.338
             952         312.879
             953         314.516
             954         303.856
             955            303.
             956         303.198
             957         304.250
             958         326.997
             959         303.044
             960         305.216
             961         303.985
             962         303.000
             963         303.009
             964         303.002
             965         303.000
             966            303.
             967            303.
             968         311.278
             969         305.473
             970         305.096
             971         317.467
             972         303.000
             973            303.
             974         309.658
             975         309.773
             976         305.634
             977         307.080
             978         308.613
             979         304.624
             980         303.008
             981         303.040
             982         303.892
             983         303.001
             984         306.712
             985         303.000
             986         304.971
             987         303.186
             988         311.379
             989         306.642
             990         309.512
             991         324.668
             992         309.946
             993         310.087
             994         326.827
             995         305.683
             996         306.935
             997         304.315
             998         309.132
             999            303.
            1000         303.331
            1001         303.167
            1002         303.178
            1003         306.028
            1004            303.
            1005         325.248
            1006         303.844
            1007         318.903
            1008         305.305
            1009            303.
            1010         316.510
            1011         311.788
            1012         307.950
            1013         305.723
            1014         304.549
            1015         324.565
            1016         321.861
            1017         308.607
            1018         319.831
            1019         327.387
            1020         303.854
            1021         303.403
            1022         305.432
            1023         303.377
            1024         303.540
            1025         304.145
            1026         303.846
            1027         322.190
            1028         305.991
            1029         303.765
            1030         309.140
            1031         307.108
            1032         316.452
            1033         325.778
            1034         303.000
            1035         316.524
            1036         313.780
            1037         306.811
            1038         304.972
            1039         305.740
            1040         304.018
            1041         310.452
            1042         314.836
            1043         309.115
            1044         310.472
            1045         306.636
            1046         311.129
            1047         308.839
            1048         312.130
            1049         307.375
            1050         322.254
            1051         303.782
            1052         309.593
            1053         326.262
            1054         328.737
            1055         326.195
            1056         345.461
            1057         327.059
            1058         316.699
            1059         318.370
            1060         320.747
            1061         315.009
            1062         311.481
            1063         307.649
            1064         309.225
            1065         309.992
            1066         324.085
            1067         306.662
            1068         316.105
            1069         325.106
            1070         324.697
            1071         312.230
            1072         306.263
            1073         304.662
            1074         310.819
            1075         309.212
            1076         308.255
            1077         325.407
            1078         319.887
            1079         306.513
            1080         303.238
            1081         307.139
            1082         306.877
            1083         303.347
            1084         303.652
            1085         303.749
            1086         304.440
            1087         305.374


  Minimum                301.791
         At Node             326

  Maximum                353.600
         At Node             493

           Total     341.800E+03


