********************************************************************************
Field Output Report, written Wed Sep 09 16:21:23 2020

Source 1
---------

   ODB: C:/Temp/Job-dispersao.odb
   Step: Step-1
   Frame: Increment   6000: Step Time =    6000.

Loc 1 : Nodal values from source 1

Output sorted by column "Node Label".

Field Output reported at nodes for part: PART-1-1

            Node            NT11
           Label          @Loc 1
---------------------------------
               1            330.
               2            330.
               3            330.
               4            330.
               5            330.
               6         334.722
               7         317.245
               8         303.220
               9         325.919
              10         349.333
              11         349.113
              12         348.765
              13         349.269
              14         348.676
              15         353.600
              16         353.600
              17         305.258
              18            303.
              19         303.816
              20            343.
              21            343.
              22            343.
              23            343.
              24         353.600
              25         353.600
              26         353.600
              27            303.
              28         303.006
              29         307.740
              30         306.895
              31            330.
              32            330.
              33            330.
              34            330.
              35            330.
              36            330.
              37            330.
              38            330.
              39            330.
              40            330.
              41            330.
              42            330.
              43            330.
              44            330.
              45            330.
              46            330.
              47            330.
              48            330.
              49            330.
              50            330.
              51            330.
              52            330.
              53            330.
              54            330.
              55            330.
              56            330.
              57            330.
              58            330.
              59            330.
              60            330.
              61            330.
              62            330.
              63            330.
              64            330.
              65            330.
              66            330.
              67            330.
              68            330.
              69            330.
              70            330.
              71            330.
              72            330.
              73            330.
              74            330.
              75            330.
              76            330.
              77            330.
              78            330.
              79            330.
              80            330.
              81            330.
              82            330.
              83            330.
              84            330.
              85            330.
              86            330.
              87            330.
              88            330.
              89            330.
              90         326.053
              91         323.809
              92         321.917
              93         306.407
              94         303.869
              95         303.232
              96         303.082
              97         303.063
              98         303.671
              99         305.276
             100         310.370
             101         327.292
             102         326.876
             103         326.560
             104         326.593
             105         327.968
             106         349.162
             107         349.114
             108         349.057
             109         348.972
             110         348.885
             111         348.814
             112         348.749
             113         348.766
             114         348.848
             115         348.944
             116         349.060
             117         349.558
             118         349.836
             119         350.155
             120         350.517
             121         350.924
             122         351.375
             123         351.870
             124         352.407
             125         352.982
             126         352.993
             127         352.412
             128         351.871
             129         351.375
             130         350.924
             131         350.516
             132         350.153
             133         349.831
             134         349.544
             135         313.953
             136         307.012
             137         303.105
             138         303.005
             139         303.000
             140            303.
             141            303.
             142            303.
             143            303.
             144            303.
             145            303.
             146            303.
             147            303.
             148            303.
             149            303.
             150            303.
             151            303.
             152            303.
             153            303.
             154         303.000
             155         303.000
             156         303.001
             157         303.003
             158         303.010
             159         303.034
             160         303.098
             161         303.238
             162         303.461
             163         303.205
             164         303.071
             165         303.028
             166         303.013
             167         303.008
             168         303.014
             169         303.049
             170         303.184
             171         303.627
             172         304.932
             173         308.329
             174         316.045
             175            343.
             176            343.
             177            343.
             178            343.
             179            343.
             180            343.
             181            343.
             182            343.
             183            343.
             184            343.
             185            343.
             186            343.
             187            343.
             188            343.
             189         353.600
             190         353.600
             191         353.600
             192         353.600
             193         353.600
             194         353.600
             195         353.600
             196            303.
             197            303.
             198            303.
             199            303.
             200            303.
             201            303.
             202            303.
             203            303.
             204            303.
             205            303.
             206            303.
             207            303.
             208            303.
             209         303.000
             210         303.000
             211         303.001
             212         303.005
             213         303.019
             214         303.066
             215         303.207
             216         303.570
             217         304.350
             218         305.654
             219         307.352
             220         309.610
             221         311.405
             222         312.433
             223         312.888
             224         312.955
             225         312.764
             226         311.778
             227         309.786
             228         307.996
             229         306.069
             230         304.526
             231         303.642
             232         303.239
             233         303.083
             234         303.030
             235         303.013
             236         303.008
             237         303.007
             238         303.006
             239         303.006
             240         303.006
             241         303.006
             242         303.015
             243         303.060
             244         303.232
             245         303.795
             246         305.409
             247         309.368
             248         317.476
             249         331.013
             250         330.825
             251         317.571
             252         309.763
             253         306.152
             254         305.345
             255         305.837
             256         306.749
             257         307.502
             258         309.720
             259         315.927
             260         324.176
             261         329.404
             262         329.876
             263         329.919
             264         329.923
             265         329.923
             266         329.923
             267         329.923
             268         329.923
             269         329.923
             270         329.923
             271         329.923
             272         329.924
             273         329.927
             274         329.937
             275         329.962
             276         329.962
             277         329.937
             278         329.927
             279         329.924
             280         329.923
             281         329.923
             282         329.923
             283         329.923
             284         329.923
             285         329.923
             286         329.923
             287         329.923
             288         329.923
             289         329.919
             290         329.875
             291         329.386
             292         323.909
             293         315.282
             294         308.943
             295         306.444
             296         304.767
             297         303.911
             298         303.819
             299         303.996
             300         303.051
             301         303.060
             302         303.974
             303         303.027
             304         303.010
             305         303.995
             306         303.029
             307         303.004
             308         304.116
             309         303.126
             310         303.028
             311         349.145
             312         349.067
             313         348.965
             314         348.875
             315         348.799
             316         305.423
             317         305.198
             318         305.194
             319         305.194
             320         305.194
             321         305.194
             322         305.194
             323         305.194
             324         305.194
             325         305.194
             326         305.186
             327         304.651
             328         303.903
             329         303.231
             330         303.349
             331         303.099
             332         303.094
             333         303.094
             334         303.094
             335         303.094
             336         303.094
             337         303.094
             338         303.094
             339         303.094
             340         303.086
             341         303.066
             342         303.037
             343         303.014
             344         303.089
             345         303.006
             346         303.003
             347         303.003
             348         303.003
             349         303.003
             350         303.003
             351         303.003
             352         303.003
             353         303.003
             354         303.002
             355         303.002
             356         303.001
             357         303.000
             358         303.024
             359         303.001
             360         303.000
             361         303.000
             362         303.000
             363         303.000
             364         303.000
             365         303.000
             366         303.000
             367         303.000
             368         303.000
             369         303.000
             370         303.000
             371            303.
             372         303.006
             373         303.000
             374            303.
             375            303.
             376            303.
             377            303.
             378            303.
             379            303.
             380            303.
             381            303.
             382            303.
             383            303.
             384            303.
             385            303.
             386         303.002
             387         303.000
             388            303.
             389            303.
             390            303.
             391            303.
             392            303.
             393            303.
             394            303.
             395            303.
             396            303.
             397            303.
             398            303.
             399            303.
             400         303.000
             401            303.
             402            303.
             403            303.
             404            303.
             405            303.
             406            303.
             407            303.
             408            303.
             409            303.
             410            303.
             411            303.
             412            303.
             413            303.
             414         303.000
             415            303.
             416            303.
             417            303.
             418            303.
             419            303.
             420            303.
             421            303.
             422            303.
             423            303.
             424            303.
             425            303.
             426            303.
             427            303.
             428         303.000
             429            303.
             430            303.
             431            303.
             432            303.
             433            303.
             434            303.
             435            303.
             436            303.
             437            303.
             438            303.
             439            303.
             440            303.
             441            303.
             442         303.001
             443            303.
             444            303.
             445            303.
             446            303.
             447            303.
             448            303.
             449            303.
             450            303.
             451            303.
             452            303.
             453            303.
             454            303.
             455            303.
             456         303.002
             457         303.000
             458         303.000
             459         303.000
             460            303.
             461            303.
             462            303.
             463            303.
             464            303.
             465            303.
             466            303.
             467            303.
             468            303.
             469            303.
             470         303.012
             471         303.005
             472         303.002
             473         303.001
             474         303.000
             475         303.000
             476            303.
             477            303.
             478            303.
             479            303.
             480            303.
             481            303.
             482            303.
             483            303.
             484            343.
             485            343.
             486            343.
             487            343.
             488            343.
             489            343.
             490         353.600
             491         353.600
             492         353.600
             493         353.600
             494         321.834
             495         303.173
             496         303.438
             497         337.373
             498         337.760
             499         337.212
             500         337.651
             501         303.211
             502         304.289
             503         339.471
             504         307.341
             505         337.543
             506         303.197
             507         335.922
             508         332.589
             509         327.224
             510         308.917
             511         316.921
             512         330.743
             513         308.088
             514         306.723
             515         305.791
             516         306.095
             517         334.695
             518         333.116
             519         336.391
             520         326.886
             521         304.128
             522         331.272
             523         330.835
             524         334.735
             525         330.786
             526         328.551
             527         330.063
             528         330.657
             529         331.206
             530         338.991
             531         332.466
             532         343.535
             533         323.594
             534         325.282
             535         333.461
             536         332.673
             537         333.248
             538         333.985
             539         333.141
             540         335.961
             541         339.354
             542         327.309
             543         333.263
             544         303.195
             545         303.092
             546         303.108
             547         303.373
             548         306.237
             549         310.815
             550         319.075
             551         303.043
             552         303.450
             553            303.
             554            303.
             555            303.
             556            303.
             557         314.368
             558         314.564
             559         314.826
             560         314.648
             561         313.893
             562         312.520
             563         310.547
             564         306.933
             565         304.773
             566         303.712
             567         303.251
             568         303.078
             569         303.022
             570         303.005
             571         303.001
             572         303.000
             573         303.000
             574            303.
             575            303.
             576            303.
             577            303.
             578         314.237
             579         303.014
             580         303.014
             581         303.014
             582         303.015
             583         303.247
             584         303.643
             585         304.558
             586         306.379
             587         309.279
             588         312.537
             589         313.311
             590         313.880
             591         303.021
             592         303.038
             593         303.093
             594         321.214
             595         330.730
             596         305.270
             597         303.750
             598         303.220
             599         316.871
             600         320.711
             601         320.802
             602         320.923
             603         321.037
             604         321.099
             605         321.072
             606         320.932
             607         320.718
             608         320.555
             609         319.842
             610         320.589
             611         320.531
             612         320.642
             613         320.662
             614         304.740
             615         303.000
             616         303.000
             617         303.006
             618         303.022
             619         303.072
             620         303.206
             621         304.078
             622         303.001
             623            303.
             624         303.513
             625         327.840
             626         331.285
             627         323.978
             628         325.759
             629         332.503
             630         333.975
             631         339.601
             632         332.434
             633         345.383
             634         313.367
             635         303.470
             636         304.360
             637         303.672
             638         306.129
             639         303.425
             640         316.392
             641         336.687
             642         324.616
             643         318.793
             644         306.981
             645         309.249
             646         307.104
             647         306.370
             648         339.932
             649         303.241
             650         311.766
             651         306.306
             652         320.887
             653         320.899
             654         321.171
             655         328.721
             656         321.109
             657         320.148
             658         336.927
             659         318.566
             660         320.787
             661         315.389
             662         317.709
             663         319.302
             664         327.942
             665         320.433
             666         321.020
             667         319.892
             668         319.044
             669         321.020
             670         323.176
             671         318.985
             672         303.034
             673         304.168
             674         307.076
             675         303.024
             676         303.242
             677         303.160
             678         303.465
             679         303.861
             680         319.919
             681         305.242
             682            303.
             683            303.
             684            303.
             685            303.
             686            303.
             687         303.014
             688         303.014
             689         308.511
             690            303.
             691         303.000
             692         303.352
             693         305.701
             694         307.385
             695         303.808
             696         318.213
             697         303.001
             698         318.272
             699         303.150
             700         303.029
             701         303.108
             702         303.007
             703         304.033
             704         303.052
             705         303.055
             706         303.050
             707         303.049
             708         303.079
             709         304.895
             710         312.108
             711         303.340
             712            303.
             713         303.000
             714         309.040
             715         303.209
             716         317.005
             717         303.707
             718         319.334
             719         316.202
             720         320.592
             721         313.021
             722         313.259
             723         320.073
             724         313.651
             725         313.756
             726         313.231
             727         313.060
             728         313.074
             729         312.830
             730         313.578
             731         320.446
             732         313.100
             733         313.464
             734         313.758
             735         312.965
             736         312.369
             737            303.
             738         303.000
             739            303.
             740         303.009
             741         303.116
             742         303.000
             743         303.035
             744            303.
             745         303.002
             746         303.871
             747         303.000
             748         303.336
             749         305.029
             750         329.652
             751         312.016
             752         317.219
             753         326.048
             754         315.099
             755         319.852
             756         322.087
             757         315.568
             758         319.713
             759         318.496
             760         312.098
             761            303.
             762         326.373
             763            303.
             764         303.058
             765         318.841
             766         307.574
             767         304.058
             768         305.195
             769         304.182
             770         304.558
             771         313.053
             772         306.921
             773         308.963
             774         306.785
             775         308.431
             776         304.379
             777         304.118
             778         310.150
             779         307.526
             780         303.524
             781         314.851
             782         303.058
             783         313.005
             784         311.487
             785         309.680
             786         314.548
             787         311.928
             788         313.254
             789         306.556
             790         303.619
             791         303.115
             792         303.058
             793            303.
             794         304.639
             795         304.564
             796            303.
             797         317.718
             798            303.
             799         306.821
             800         303.159
             801         303.300
             802         303.192
             803         303.163
             804         303.000
             805         303.000
             806            303.
             807         303.176
             808         303.002
             809         308.417
             810         303.009
             811         303.041
             812         303.155
             813         303.570
             814         303.500
             815         305.423
             816         309.280
             817         304.178
             818         304.446
             819         303.054
             820         303.665
             821         305.112
             822            303.
             823         316.945
             824         312.868
             825         334.358
             826         307.962
             827         308.699
             828         307.907
             829         308.684
             830         308.575
             831         308.152
             832         307.506
             833         308.577
             834         308.276
             835         308.393
             836         308.239
             837         308.389
             838            303.
             839         312.635
             840         303.003
             841         303.001
             842         303.013
             843         303.478
             844         304.253
             845         303.000
             846         303.164
             847         303.049
             848            303.
             849         306.045
             850         308.562
             851         314.487
             852            303.
             853         308.141
             854         322.541
             855         310.581
             856         314.194
             857         325.164
             858         307.752
             859         306.121
             860         309.198
             861         305.320
             862         305.647
             863         307.859
             864         307.419
             865         307.562
             866         304.064
             867            303.
             868         312.703
             869         307.015
             870         303.495
             871         304.923
             872         303.631
             873            303.
             874         303.268
             875         303.129
             876         319.156
             877         307.374
             878         306.344
             879         306.088
             880         306.964
             881         318.881
             882         303.207
             883         307.004
             884         303.088
             885         304.771
             886            303.
             887            303.
             888         304.076
             889         305.038
             890         304.811
             891         303.703
             892         303.210
             893         304.816
             894         303.054
             895         303.002
             896         303.536
             897         303.056
             898         303.000
             899         303.000
             900         303.407
             901         303.012
             902         303.463
             903         303.649
             904            303.
             905         303.189
             906         309.266
             907         303.199
             908         304.965
             909         307.565
             910         312.635
             911         307.863
             912         303.000
             913         305.486
             914         305.620
             915         305.479
             916         305.622
             917         305.270
             918         305.058
             919         303.062
             920         303.016
             921         303.004
             922         304.581
             923         303.212
             924         303.001
             925         303.616
             926         309.772
             927         307.166
             928         308.069
             929         318.441
             930         306.010
             931         310.907
             932         312.161
             933         315.973
             934         306.263
             935         304.630
             936         303.430
             937         304.837
             938         304.978
             939         309.393
             940         304.739
             941         303.414
             942            303.
             943         306.011
             944         310.652
             945         303.713
             946         303.182
             947         303.135
             948         304.419
             949         305.128
             950         303.234
             951         336.380
             952         305.129
             953         306.502
             954         303.918
             955            303.
             956         303.249
             957         304.604
             958         309.898
             959         303.065
             960         305.669
             961         303.620
             962         303.001
             963         303.016
             964         303.004
             965         303.000
             966         303.000
             967            303.
             968         311.490
             969         305.472
             970         305.098
             971         311.938
             972         303.000
             973            303.
             974         304.134
             975         304.100
             976         304.056
             977         304.118
             978         304.137
             979         303.926
             980         303.017
             981         303.068
             982         303.690
             983         303.004
             984         307.158
             985         303.001
             986         305.046
             987         303.249
             988         311.412
             989         306.657
             990         310.002
             991         303.279
             992         310.369
             993         309.961
             994         311.098
             995         306.187
             996         304.722
             997         304.652
             998         307.766
             999         303.000
            1000         303.347
            1001         303.226
            1002         303.206
            1003         306.460
            1004            303.
            1005         306.558
            1006         303.827
            1007         303.447
            1008         305.086
            1009         303.000
            1010         303.461
            1011         303.464
            1012         303.451
            1013         303.411
            1014         303.322
            1015         304.506
            1016         303.299
            1017         308.745
            1018         308.994
            1019         311.180
            1020         303.822
            1021         303.339
            1022         305.760
            1023         303.241
            1024         303.422
            1025         304.352
            1026         303.847
            1027         303.568
            1028         306.464
            1029         303.333
            1030         303.307
            1031         303.334
            1032         316.050
            1033         306.851
            1034         303.000
            1035         308.793
            1036         303.305
            1037         306.501
            1038         303.733
            1039         304.790
            1040         303.292
            1041         306.593
            1042         303.556
            1043         304.028
            1044         304.783
            1045         303.676
            1046         303.995
            1047         303.490
            1048         310.138
            1049         303.840
            1050         304.525
            1051         304.069
            1052         309.185
            1053         303.389
            1054         328.610
            1055         325.493
            1056         344.393
            1057         326.395
            1058         316.789
            1059         318.460
            1060         314.813
            1061         314.718
            1062         311.409
            1063         308.160
            1064         309.240
            1065         310.362
            1066         324.251
            1067         306.841
            1068         315.824
            1069         304.475
            1070         303.552
            1071         312.658
            1072         306.519
            1073         304.788
            1074         307.052
            1075         309.704
            1076         306.297
            1077         307.723
            1078         306.054
            1079         305.270
            1080         303.352
            1081         305.683
            1082         305.680
            1083         303.523
            1084         303.754
            1085         304.009
            1086         303.577
            1087         303.361


  Minimum                   303.
         At Node            1004

  Maximum                353.600
         At Node             493

           Total     340.317E+03


