********************************************************************************
Field Output Report, written Thu Jul 16 18:43:22 2020

Source 1
---------

   ODB: C:/Temp/Job-dispersao.odb
   Step: Step-1
   Frame: Increment   3000: Step Time =    3000.

Loc 1 : Nodal values from source 1

Output sorted by column "Node Label".

Field Output reported at nodes for part: PART-1-1

            Node            NT11
           Label          @Loc 1
---------------------------------
               1            330.
               2            330.
               3            330.
               4            330.
               5            330.
               6         320.834
               7         311.864
               8         302.998
               9         314.159
              10         347.480
              11         347.181
              12         346.722
              13         347.391
              14         346.614
              15         353.600
              16         353.600
              17         303.464
              18            303.
              19         299.967
              20            343.
              21            343.
              22            343.
              23            343.
              24         353.600
              25         353.600
              26         353.600
              27            303.
              28         303.000
              29         304.274
              30         304.103
              31            330.
              32            330.
              33            330.
              34            330.
              35            330.
              36            330.
              37            330.
              38            330.
              39            330.
              40            330.
              41            330.
              42            330.
              43            330.
              44            330.
              45            330.
              46            330.
              47            330.
              48            330.
              49            330.
              50            330.
              51            330.
              52            330.
              53            330.
              54            330.
              55            330.
              56            330.
              57            330.
              58            330.
              59            330.
              60            330.
              61            330.
              62            330.
              63            330.
              64            330.
              65            330.
              66            330.
              67            330.
              68            330.
              69            330.
              70            330.
              71            330.
              72            330.
              73            330.
              74            330.
              75            330.
              76            330.
              77            330.
              78            330.
              79            330.
              80            330.
              81            330.
              82            330.
              83            330.
              84            330.
              85            330.
              86            330.
              87            330.
              88            330.
              89            330.
              90         314.824
              91         318.777
              92         315.577
              93         302.071
              94         303.119
              95         303.008
              96         302.999
              97         303.001
              98         303.000
              99         303.111
             100         304.255
             101         313.411
             102         311.611
             103         313.753
             104         312.386
             105         312.867
             106         347.247
             107         347.181
             108         347.105
             109         346.992
             110         346.877
             111         346.785
             112         346.701
             113         346.722
             114         346.825
             115         346.949
             116         347.103
             117         347.784
             118         348.162
             119         348.608
             120         349.122
             121         349.706
             122         350.357
             123         351.076
             124         351.858
             125         352.697
             126         352.714
             127         351.865
             128         351.077
             129         350.358
             130         349.708
             131         349.124
             132         348.608
             133         348.161
             134         347.769
             135         309.520
             136         304.321
             137         303.014
             138         303.001
             139         303.000
             140            303.
             141            303.
             142            303.
             143            303.
             144            303.
             145            303.
             146            303.
             147            303.
             148            303.
             149            303.
             150            303.
             151            303.
             152            303.
             153            303.
             154            303.
             155            303.
             156            303.
             157         303.000
             158         303.000
             159         303.004
             160         303.000
             161         302.762
             162         300.108
             163         299.964
             164         299.929
             165         300.094
             166         300.158
             167         300.226
             168         300.355
             169         301.007
             170         302.899
             171         302.976
             172         303.263
             173         304.845
             174         310.624
             175            343.
             176            343.
             177            343.
             178            343.
             179            343.
             180            343.
             181            343.
             182            343.
             183            343.
             184            343.
             185            343.
             186            343.
             187            343.
             188            343.
             189         353.600
             190         353.600
             191         353.600
             192         353.600
             193         353.600
             194         353.600
             195         353.600
             196            303.
             197            303.
             198            303.
             199            303.
             200            303.
             201            303.
             202            303.
             203            303.
             204            303.
             205            303.
             206            303.
             207            303.
             208            303.
             209            303.
             210            303.
             211            303.
             212         303.000
             213         303.001
             214         303.005
             215         303.028
             216         303.126
             217         303.342
             218         303.611
             219         304.134
             220         305.383
             221         306.889
             222         305.378
             223         305.392
             224         305.142
             225         304.781
             226         303.890
             227         303.067
             228         303.239
             229         303.038
             230         302.985
             231         302.996
             232         303.001
             233         303.001
             234         303.000
             235         303.000
             236         303.000
             237         303.000
             238         303.000
             239         303.000
             240         303.000
             241         303.000
             242         303.000
             243         303.002
             244         303.013
             245         303.078
             246         303.421
             247         304.909
             248         310.057
             249         323.389
             250         323.559
             251         310.360
             252         305.079
             253         303.553
             254         303.393
             255         303.633
             256         303.962
             257         304.208
             258         305.737
             259         311.594
             260         321.001
             261         327.942
             262         328.498
             263         328.385
             264         327.310
             265         328.594
             266         328.586
             267         328.501
             268         328.728
             269         328.721
             270         328.610
             271         328.569
             272         327.923
             273         328.284
             274         328.608
             275         328.350
             276         328.094
             277         328.006
             278         328.116
             279         325.992
             280         327.472
             281         328.125
             282         329.344
             283         329.512
             284         329.562
             285         328.762
             286         328.585
             287         328.561
             288         328.559
             289         328.556
             290         328.515
             291         327.946
             292         320.943
             293         311.394
             294         305.589
             295         303.915
             296         299.682
             297         297.536
             298         299.615
             299         304.686
             300         304.270
             301         303.793
             302         303.871
             303         302.580
             304         302.876
             305         302.385
             306         303.136
             307         302.998
             308         301.830
             309         303.061
             310         302.992
             311         347.224
             312         347.118
             313         346.981
             314         346.863
             315         346.765
             316         298.487
             317         297.994
             318         296.987
             319         301.034
             320         304.301
             321         304.144
             322         304.144
             323         304.144
             324         304.144
             325         304.144
             326         304.142
             327         303.822
             328         303.408
             329         303.055
             330         303.409
             331         303.737
             332         304.138
             333         303.310
             334         302.857
             335         303.028
             336         303.025
             337         303.025
             338         303.025
             339         303.025
             340         303.022
             341         303.017
             342         303.009
             343         303.003
             344         302.949
             345         302.943
             346         302.855
             347         302.972
             348         303.031
             349         302.999
             350         303.000
             351         303.000
             352         303.000
             353         303.000
             354         303.000
             355         303.000
             356         303.000
             357         303.000
             358         302.983
             359         302.992
             360         303.011
             361         302.995
             362         302.995
             363         303.000
             364            303.
             365            303.
             366            303.
             367            303.
             368            303.
             369            303.
             370            303.
             371            303.
             372         303.211
             373         302.992
             374         303.002
             375         303.001
             376         303.001
             377         303.000
             378            303.
             379            303.
             380            303.
             381            303.
             382            303.
             383            303.
             384            303.
             385            303.
             386         302.387
             387         302.997
             388         303.003
             389         302.999
             390         303.000
             391         303.000
             392            303.
             393            303.
             394            303.
             395            303.
             396            303.
             397            303.
             398            303.
             399            303.
             400         300.649
             401         303.672
             402         302.860
             403         303.033
             404         302.995
             405         303.000
             406            303.
             407            303.
             408            303.
             409            303.
             410            303.
             411            303.
             412            303.
             413            303.
             414         300.290
             415         301.199
             416         303.255
             417         302.960
             418         303.005
             419         303.000
             420            303.
             421            303.
             422            303.
             423            303.
             424            303.
             425            303.
             426            303.
             427            303.
             428         300.193
             429         300.443
             430         303.432
             431         302.945
             432         303.005
             433         303.000
             434         303.000
             435            303.
             436            303.
             437            303.
             438            303.
             439            303.
             440            303.
             441            303.
             442         300.128
             443         300.292
             444         303.579
             445         302.907
             446         303.015
             447         302.998
             448         303.000
             449         303.000
             450            303.
             451            303.
             452            303.
             453            303.
             454            303.
             455            303.
             456         299.974
             457         300.158
             458         303.504
             459         302.946
             460         303.007
             461         302.998
             462         303.000
             463         303.000
             464            303.
             465            303.
             466            303.
             467            303.
             468            303.
             469            303.
             470         300.015
             471         300.485
             472         303.369
             473         302.967
             474         303.003
             475         303.000
             476         303.000
             477            303.
             478            303.
             479            303.
             480            303.
             481            303.
             482            303.
             483            303.
             484            343.
             485            343.
             486            343.
             487            343.
             488            343.
             489            343.
             490         353.600
             491         353.600
             492         353.600
             493         353.600
             494         319.198
             495         303.007
             496         303.036
             497         327.093
             498         327.537
             499         326.753
             500         328.490
             501         303.014
             502         302.994
             503         328.939
             504         304.278
             505         329.131
             506         303.003
             507         297.026
             508         302.690
             509         309.924
             510         304.698
             511         309.963
             512         323.787
             513         304.907
             514         304.203
             515         303.649
             516         303.568
             517         330.070
             518         325.163
             519         328.215
             520         319.984
             521         302.993
             522         325.885
             523         326.194
             524         317.224
             525         315.506
             526         316.010
             527         325.754
             528         325.774
             529         326.050
             530         321.361
             531         316.160
             532         334.640
             533         314.957
             534         320.355
             535         325.920
             536         325.240
             537         326.872
             538         326.503
             539         327.516
             540         329.337
             541         333.609
             542         320.503
             543         321.863
             544         299.905
             545         300.083
             546         300.516
             547         302.010
             548         303.815
             549         306.995
             550         316.271
             551         300.151
             552         299.924
             553            303.
             554            303.
             555            303.
             556            303.
             557         310.614
             558         308.290
             559         307.962
             560         307.225
             561         307.724
             562         306.764
             563         305.592
             564         304.142
             565         303.424
             566         303.097
             567         303.027
             568         303.006
             569         303.001
             570         303.000
             571            303.
             572            303.
             573            303.
             574            303.
             575            303.
             576            303.
             577            303.
             578         310.114
             579         303.000
             580         303.000
             581         303.000
             582         303.000
             583         303.002
             584         302.994
             585         302.943
             586         303.155
             587         304.357
             588         305.643
             589         305.904
             590         306.331
             591         303.000
             592         303.000
             593         303.001
             594         318.571
             595         323.105
             596         303.395
             597         303.074
             598         303.012
             599         313.571
             600         315.929
             601         315.512
             602         315.922
             603         316.705
             604         317.801
             605         316.551
             606         317.606
             607         316.753
             608         316.711
             609         316.672
             610         317.000
             611         317.160
             612         317.442
             613         317.500
             614         299.988
             615            303.
             616            303.
             617         303.000
             618         303.000
             619         303.002
             620         302.985
             621         300.708
             622            303.
             623            303.
             624         302.728
             625         320.135
             626         324.144
             627         319.688
             628         296.096
             629         323.775
             630         291.641
             631         332.628
             632         289.436
             633         342.238
             634         310.138
             635         303.067
             636         303.216
             637         303.067
             638         303.949
             639         303.045
             640         311.215
             641         328.830
             642         299.815
             643         301.316
             644         303.870
             645         304.924
             646         304.511
             647         303.785
             648         328.616
             649         302.998
             650         305.125
             651         303.237
             652         312.191
             653         314.692
             654         300.467
             655         301.494
             656         313.926
             657         315.296
             658         292.874
             659         300.257
             660         313.568
             661         300.287
             662         310.199
             663         312.880
             664         318.488
             665         311.050
             666         313.545
             667         313.339
             668         313.595
             669         313.122
             670         313.814
             671         307.579
             672         300.278
             673         302.949
             674         304.195
             675         300.207
             676         300.060
             677         300.367
             678         299.855
             679         299.858
             680         313.255
             681         299.901
             682            303.
             683            303.
             684            303.
             685            303.
             686            303.
             687         303.000
             688         303.000
             689         305.304
             690            303.
             691            303.
             692         303.024
             693         303.737
             694         303.096
             695         303.001
             696         312.501
             697            303.
             698         309.908
             699         303.002
             700         303.001
             701         303.006
             702         303.000
             703         303.123
             704         303.002
             705         303.002
             706         303.002
             707         303.002
             708         303.001
             709         302.896
             710         305.448
             711         303.004
             712            303.
             713            303.
             714         304.794
             715         303.012
             716         309.762
             717         303.073
             718         312.712
             719         310.796
             720         317.343
             721         309.200
             722         308.845
             723         317.053
             724         309.252
             725         309.591
             726         307.901
             727         308.320
             728         308.836
             729         307.892
             730         308.425
             731         317.241
             732         308.869
             733         309.036
             734         309.628
             735         308.725
             736         308.398
             737            303.
             738            303.
             739            303.
             740            303.
             741         303.001
             742            303.
             743            303.
             744            303.
             745            303.
             746         302.861
             747            303.
             748         302.994
             749         302.553
             750         322.177
             751         308.419
             752         303.909
             753         316.314
             754         308.972
             755         314.769
             756         317.257
             757         306.438
             758         297.393
             759         296.740
             760         308.099
             761            303.
             762         319.739
             763            303.
             764         303.002
             765         299.975
             766         304.136
             767         303.229
             768         303.404
             769         303.213
             770         303.283
             771         308.068
             772         304.138
             773         305.832
             774         303.777
             775         299.859
             776         302.870
             777         299.736
             778         303.557
             779         304.321
             780         301.623
             781         300.010
             782         300.193
             783         307.475
             784         306.831
             785         306.323
             786         306.898
             787         306.212
             788         307.601
             789         303.056
             790         300.001
             791         300.136
             792         300.250
             793            303.
             794         299.817
             795         302.892
             796            303.
             797         308.991
             798            303.
             799         303.861
             800         303.009
             801         303.006
             802         303.006
             803         303.011
             804            303.
             805            303.
             806            303.
             807         303.012
             808            303.
             809         302.962
             810         303.000
             811         303.001
             812         303.007
             813         303.016
             814         303.038
             815         302.973
             816         305.247
             817         303.018
             818         303.208
             819         303.002
             820         303.072
             821         303.378
             822            303.
             823         309.593
             824         308.525
             825         326.767
             826         304.673
             827         305.768
             828         304.647
             829         305.889
             830         304.926
             831         304.741
             832         304.577
             833         305.714
             834         305.017
             835         304.891
             836         304.834
             837         305.296
             838            303.
             839         308.360
             840            303.
             841            303.
             842         303.000
             843         303.008
             844         303.067
             845            303.
             846         303.000
             847         303.000
             848            303.
             849         303.299
             850         304.670
             851         308.627
             852            303.
             853         304.884
             854         312.010
             855         306.100
             856         309.081
             857         319.114
             858         304.391
             859         303.740
             860         303.479
             861         303.594
             862         303.648
             863         304.490
             864         299.591
             865         304.531
             866         303.254
             867            303.
             868         300.446
             869         304.367
             870         302.935
             871         299.468
             872         301.403
             873            303.
             874         300.111
             875         300.182
             876         300.089
             877         303.603
             878         304.184
             879         303.536
             880         299.926
             881         309.058
             882         300.331
             883         302.185
             884         300.231
             885         299.714
             886            303.
             887            303.
             888         303.037
             889         303.162
             890         303.243
             891         303.067
             892         303.013
             893         302.888
             894         303.002
             895            303.
             896         303.068
             897         303.002
             898            303.
             899            303.
             900         303.040
             901         303.000
             902         303.031
             903         303.021
             904            303.
             905         303.012
             906         304.142
             907         303.012
             908         303.376
             909         304.114
             910         305.732
             911         304.545
             912            303.
             913         303.508
             914         303.701
             915         303.697
             916         303.688
             917         303.341
             918         303.252
             919         303.000
             920         303.000
             921            303.
             922         303.133
             923         303.002
             924            303.
             925         303.015
             926         304.736
             927         304.149
             928         304.590
             929         313.767
             930         303.647
             931         307.325
             932         307.155
             933         309.226
             934         303.654
             935         303.342
             936         303.039
             937         303.357
             938         302.943
             939         303.702
             940         303.418
             941         300.271
             942            303.
             943         299.814
             944         299.959
             945         301.360
             946         300.284
             947         300.322
             948         303.120
             949         303.559
             950         300.415
             951         330.030
             952         303.060
             953         303.274
             954         303.055
             955            303.
             956         303.010
             957         299.901
             958         300.057
             959         303.002
             960         299.561
             961         303.070
             962            303.
             963         303.000
             964         303.000
             965            303.
             966            303.
             967            303.
             968         300.468
             969         303.382
             970         303.205
             971         305.965
             972            303.
             973            303.
             974         303.211
             975         303.265
             976         303.090
             977         303.140
             978         303.178
             979         302.978
             980         303.000
             981         303.001
             982         302.754
             983            303.
             984         300.245
             985            303.
             986         303.271
             987         303.007
             988         306.900
             989         303.879
             990         302.374
             991         302.983
             992         299.486
             993         305.851
             994         297.603
             995         299.586
             996         303.343
             997         300.076
             998         304.649
             999            303.
            1000         300.797
            1001         300.417
            1002         300.474
            1003         299.199
            1004            303.
            1005         300.600
            1006         302.585
            1007         303.035
            1008         303.080
            1009            303.
            1010         303.024
            1011         303.008
            1012         302.977
            1013         302.889
            1014         302.001
            1015         301.791
            1016         302.938
            1017         298.093
            1018         298.027
            1019         297.975
            1020         301.849
            1021         301.103
            1022         299.726
            1023         300.801
            1024         300.773
            1025         300.556
            1026         300.728
            1027         302.466
            1028         299.922
            1029         301.402
            1030         302.647
            1031         302.198
            1032         294.878
            1033         298.925
            1034            303.
            1035         304.535
            1036         302.858
            1037         299.744
            1038         300.717
            1039         300.403
            1040         300.819
            1041         299.090
            1042         302.063
            1043         303.133
            1044         299.699
            1045         300.658
            1046         299.983
            1047         301.530
            1048         297.733
            1049         303.135
            1050         299.555
            1051         299.901
            1052         305.454
            1053         302.984
            1054         323.392
            1055         318.592
            1056         339.677
            1057         322.322
            1058         310.060
            1059         315.577
            1060         296.799
            1061         307.416
            1062         307.041
            1063         299.714
            1064         306.176
            1065         299.650
            1066         300.424
            1067         303.938
            1068         310.872
            1069         302.503
            1070         302.803
            1071         299.820
            1072         303.738
            1073         303.180
            1074         303.546
            1075         299.767
            1076         303.195
            1077         298.275
            1078         298.809
            1079         303.564
            1080         300.372
            1081         303.844
            1082         303.807
            1083         300.169
            1084         303.044
            1085         300.155
            1086         303.068
            1087         300.901


  Minimum                289.436
         At Node             632

  Maximum                353.600
         At Node             493

           Total     337.383E+03


